The system is: Linux - 6.8.0-48-generic - x86_64
Compiling the C compiler identification source file "CMakeCCompilerId.c" succeeded.
Compiler: /usr/bin/cc 
Build flags: 
Id flags:  

The output was:
0


Compilation of the C compiler identification source "CMakeCCompilerId.c" produced "a.out"

The C compiler identification is GNU, found in "/home/thejana/Documents/assignments/year_04/is4101/maxsat_solvers/gecode/gecode-release-6.2.0/build/CMakeFiles/3.22.1/CompilerIdC/a.out"

Compiling the CXX compiler identification source file "CMakeCXXCompilerId.cpp" succeeded.
Compiler: /usr/bin/c++ 
Build flags: 
Id flags:  

The output was:
0


Compilation of the CXX compiler identification source "CMakeCXXCompilerId.cpp" produced "a.out"

The CXX compiler identification is GNU, found in "/home/thejana/Documents/assignments/year_04/is4101/maxsat_solvers/gecode/gecode-release-6.2.0/build/CMakeFiles/3.22.1/CompilerIdCXX/a.out"

Detecting C compiler ABI info compiled with the following output:
Change Dir: /home/thejana/Documents/assignments/year_04/is4101/maxsat_solvers/gecode/gecode-release-6.2.0/build/CMakeFiles/CMakeTmp

Run Build Command(s):/usr/bin/gmake -f Makefile cmTC_56c51/fast && /usr/bin/gmake  -f CMakeFiles/cmTC_56c51.dir/build.make CMakeFiles/cmTC_56c51.dir/build
gmake[1]: Entering directory '/home/thejana/Documents/assignments/year_04/is4101/maxsat_solvers/gecode/gecode-release-6.2.0/build/CMakeFiles/CMakeTmp'
Building C object CMakeFiles/cmTC_56c51.dir/CMakeCCompilerABI.c.o
/usr/bin/cc   -v -o CMakeFiles/cmTC_56c51.dir/CMakeCCompilerABI.c.o -c /usr/share/cmake-3.22/Modules/CMakeCCompilerABI.c
Using built-in specs.
COLLECT_GCC=/usr/bin/cc
OFFLOAD_TARGET_NAMES=nvptx-none:amdgcn-amdhsa
OFFLOAD_TARGET_DEFAULT=1
Target: x86_64-linux-gnu
Configured with: ../src/configure -v --with-pkgversion='Ubuntu 11.4.0-1ubuntu1~22.04' --with-bugurl=file:///usr/share/doc/gcc-11/README.Bugs --enable-languages=c,ada,c++,go,brig,d,fortran,objc,obj-c++,m2 --prefix=/usr --with-gcc-major-version-only --program-suffix=-11 --program-prefix=x86_64-linux-gnu- --enable-shared --enable-linker-build-id --libexecdir=/usr/lib --without-included-gettext --enable-threads=posix --libdir=/usr/lib --enable-nls --enable-bootstrap --enable-clocale=gnu --enable-libstdcxx-debug --enable-libstdcxx-time=yes --with-default-libstdcxx-abi=new --enable-gnu-unique-object --disable-vtable-verify --enable-plugin --enable-default-pie --with-system-zlib --enable-libphobos-checking=release --with-target-system-zlib=auto --enable-objc-gc=auto --enable-multiarch --disable-werror --enable-cet --with-arch-32=i686 --with-abi=m64 --with-multilib-list=m32,m64,mx32 --enable-multilib --with-tune=generic --enable-offload-targets=nvptx-none=/build/gcc-11-XeT9lY/gcc-11-11.4.0/debian/tmp-nvptx/usr,amdgcn-amdhsa=/build/gcc-11-XeT9lY/gcc-11-11.4.0/debian/tmp-gcn/usr --without-cuda-driver --enable-checking=release --build=x86_64-linux-gnu --host=x86_64-linux-gnu --target=x86_64-linux-gnu --with-build-config=bootstrap-lto-lean --enable-link-serialization=2
Thread model: posix
Supported LTO compression algorithms: zlib zstd
gcc version 11.4.0 (Ubuntu 11.4.0-1ubuntu1~22.04) 
COLLECT_GCC_OPTIONS='-v' '-o' 'CMakeFiles/cmTC_56c51.dir/CMakeCCompilerABI.c.o' '-c' '-mtune=generic' '-march=x86-64' '-dumpdir' 'CMakeFiles/cmTC_56c51.dir/'
 /usr/lib/gcc/x86_64-linux-gnu/11/cc1 -quiet -v -imultiarch x86_64-linux-gnu /usr/share/cmake-3.22/Modules/CMakeCCompilerABI.c -quiet -dumpdir CMakeFiles/cmTC_56c51.dir/ -dumpbase CMakeCCompilerABI.c.c -dumpbase-ext .c -mtune=generic -march=x86-64 -version -fasynchronous-unwind-tables -fstack-protector-strong -Wformat -Wformat-security -fstack-clash-protection -fcf-protection -o /tmp/cck8C3wl.s
GNU C17 (Ubuntu 11.4.0-1ubuntu1~22.04) version 11.4.0 (x86_64-linux-gnu)
	compiled by GNU C version 11.4.0, GMP version 6.2.1, MPFR version 4.1.0, MPC version 1.2.1, isl version isl-0.24-GMP

GGC heuristics: --param ggc-min-expand=100 --param ggc-min-heapsize=131072
ignoring nonexistent directory "/usr/local/include/x86_64-linux-gnu"
ignoring nonexistent directory "/usr/lib/gcc/x86_64-linux-gnu/11/include-fixed"
ignoring nonexistent directory "/usr/lib/gcc/x86_64-linux-gnu/11/../../../../x86_64-linux-gnu/include"
#include "..." search starts here:
#include <...> search starts here:
 /usr/lib/gcc/x86_64-linux-gnu/11/include
 /usr/local/include
 /usr/include/x86_64-linux-gnu
 /usr/include
End of search list.
GNU C17 (Ubuntu 11.4.0-1ubuntu1~22.04) version 11.4.0 (x86_64-linux-gnu)
	compiled by GNU C version 11.4.0, GMP version 6.2.1, MPFR version 4.1.0, MPC version 1.2.1, isl version isl-0.24-GMP

GGC heuristics: --param ggc-min-expand=100 --param ggc-min-heapsize=131072
Compiler executable checksum: 50eaa2331df977b8016186198deb2d18
COLLECT_GCC_OPTIONS='-v' '-o' 'CMakeFiles/cmTC_56c51.dir/CMakeCCompilerABI.c.o' '-c' '-mtune=generic' '-march=x86-64' '-dumpdir' 'CMakeFiles/cmTC_56c51.dir/'
 as -v --64 -o CMakeFiles/cmTC_56c51.dir/CMakeCCompilerABI.c.o /tmp/cck8C3wl.s
GNU assembler version 2.38 (x86_64-linux-gnu) using BFD version (GNU Binutils for Ubuntu) 2.38
COMPILER_PATH=/usr/lib/gcc/x86_64-linux-gnu/11/:/usr/lib/gcc/x86_64-linux-gnu/11/:/usr/lib/gcc/x86_64-linux-gnu/:/usr/lib/gcc/x86_64-linux-gnu/11/:/usr/lib/gcc/x86_64-linux-gnu/
LIBRARY_PATH=/usr/lib/gcc/x86_64-linux-gnu/11/:/usr/lib/gcc/x86_64-linux-gnu/11/../../../x86_64-linux-gnu/:/usr/lib/gcc/x86_64-linux-gnu/11/../../../../lib/:/lib/x86_64-linux-gnu/:/lib/../lib/:/usr/lib/x86_64-linux-gnu/:/usr/lib/../lib/:/usr/lib/gcc/x86_64-linux-gnu/11/../../../:/lib/:/usr/lib/
COLLECT_GCC_OPTIONS='-v' '-o' 'CMakeFiles/cmTC_56c51.dir/CMakeCCompilerABI.c.o' '-c' '-mtune=generic' '-march=x86-64' '-dumpdir' 'CMakeFiles/cmTC_56c51.dir/CMakeCCompilerABI.c.'
Linking C executable cmTC_56c51
/usr/bin/cmake -E cmake_link_script CMakeFiles/cmTC_56c51.dir/link.txt --verbose=1
/usr/bin/cc  -v -rdynamic CMakeFiles/cmTC_56c51.dir/CMakeCCompilerABI.c.o -o cmTC_56c51 
Using built-in specs.
COLLECT_GCC=/usr/bin/cc
COLLECT_LTO_WRAPPER=/usr/lib/gcc/x86_64-linux-gnu/11/lto-wrapper
OFFLOAD_TARGET_NAMES=nvptx-none:amdgcn-amdhsa
OFFLOAD_TARGET_DEFAULT=1
Target: x86_64-linux-gnu
Configured with: ../src/configure -v --with-pkgversion='Ubuntu 11.4.0-1ubuntu1~22.04' --with-bugurl=file:///usr/share/doc/gcc-11/README.Bugs --enable-languages=c,ada,c++,go,brig,d,fortran,objc,obj-c++,m2 --prefix=/usr --with-gcc-major-version-only --program-suffix=-11 --program-prefix=x86_64-linux-gnu- --enable-shared --enable-linker-build-id --libexecdir=/usr/lib --without-included-gettext --enable-threads=posix --libdir=/usr/lib --enable-nls --enable-bootstrap --enable-clocale=gnu --enable-libstdcxx-debug --enable-libstdcxx-time=yes --with-default-libstdcxx-abi=new --enable-gnu-unique-object --disable-vtable-verify --enable-plugin --enable-default-pie --with-system-zlib --enable-libphobos-checking=release --with-target-system-zlib=auto --enable-objc-gc=auto --enable-multiarch --disable-werror --enable-cet --with-arch-32=i686 --with-abi=m64 --with-multilib-list=m32,m64,mx32 --enable-multilib --with-tune=generic --enable-offload-targets=nvptx-none=/build/gcc-11-XeT9lY/gcc-11-11.4.0/debian/tmp-nvptx/usr,amdgcn-amdhsa=/build/gcc-11-XeT9lY/gcc-11-11.4.0/debian/tmp-gcn/usr --without-cuda-driver --enable-checking=release --build=x86_64-linux-gnu --host=x86_64-linux-gnu --target=x86_64-linux-gnu --with-build-config=bootstrap-lto-lean --enable-link-serialization=2
Thread model: posix
Supported LTO compression algorithms: zlib zstd
gcc version 11.4.0 (Ubuntu 11.4.0-1ubuntu1~22.04) 
COMPILER_PATH=/usr/lib/gcc/x86_64-linux-gnu/11/:/usr/lib/gcc/x86_64-linux-gnu/11/:/usr/lib/gcc/x86_64-linux-gnu/:/usr/lib/gcc/x86_64-linux-gnu/11/:/usr/lib/gcc/x86_64-linux-gnu/
LIBRARY_PATH=/usr/lib/gcc/x86_64-linux-gnu/11/:/usr/lib/gcc/x86_64-linux-gnu/11/../../../x86_64-linux-gnu/:/usr/lib/gcc/x86_64-linux-gnu/11/../../../../lib/:/lib/x86_64-linux-gnu/:/lib/../lib/:/usr/lib/x86_64-linux-gnu/:/usr/lib/../lib/:/usr/lib/gcc/x86_64-linux-gnu/11/../../../:/lib/:/usr/lib/
COLLECT_GCC_OPTIONS='-v' '-rdynamic' '-o' 'cmTC_56c51' '-mtune=generic' '-march=x86-64' '-dumpdir' 'cmTC_56c51.'
 /usr/lib/gcc/x86_64-linux-gnu/11/collect2 -plugin /usr/lib/gcc/x86_64-linux-gnu/11/liblto_plugin.so -plugin-opt=/usr/lib/gcc/x86_64-linux-gnu/11/lto-wrapper -plugin-opt=-fresolution=/tmp/cc8mXeTZ.res -plugin-opt=-pass-through=-lgcc -plugin-opt=-pass-through=-lgcc_s -plugin-opt=-pass-through=-lc -plugin-opt=-pass-through=-lgcc -plugin-opt=-pass-through=-lgcc_s --build-id --eh-frame-hdr -m elf_x86_64 --hash-style=gnu --as-needed -export-dynamic -dynamic-linker /lib64/ld-linux-x86-64.so.2 -pie -z now -z relro -o cmTC_56c51 /usr/lib/gcc/x86_64-linux-gnu/11/../../../x86_64-linux-gnu/Scrt1.o /usr/lib/gcc/x86_64-linux-gnu/11/../../../x86_64-linux-gnu/crti.o /usr/lib/gcc/x86_64-linux-gnu/11/crtbeginS.o -L/usr/lib/gcc/x86_64-linux-gnu/11 -L/usr/lib/gcc/x86_64-linux-gnu/11/../../../x86_64-linux-gnu -L/usr/lib/gcc/x86_64-linux-gnu/11/../../../../lib -L/lib/x86_64-linux-gnu -L/lib/../lib -L/usr/lib/x86_64-linux-gnu -L/usr/lib/../lib -L/usr/lib/gcc/x86_64-linux-gnu/11/../../.. CMakeFiles/cmTC_56c51.dir/CMakeCCompilerABI.c.o -lgcc --push-state --as-needed -lgcc_s --pop-state -lc -lgcc --push-state --as-needed -lgcc_s --pop-state /usr/lib/gcc/x86_64-linux-gnu/11/crtendS.o /usr/lib/gcc/x86_64-linux-gnu/11/../../../x86_64-linux-gnu/crtn.o
COLLECT_GCC_OPTIONS='-v' '-rdynamic' '-o' 'cmTC_56c51' '-mtune=generic' '-march=x86-64' '-dumpdir' 'cmTC_56c51.'
gmake[1]: Leaving directory '/home/thejana/Documents/assignments/year_04/is4101/maxsat_solvers/gecode/gecode-release-6.2.0/build/CMakeFiles/CMakeTmp'



Parsed C implicit include dir info from above output: rv=done
  found start of include info
  found start of implicit include info
    add: [/usr/lib/gcc/x86_64-linux-gnu/11/include]
    add: [/usr/local/include]
    add: [/usr/include/x86_64-linux-gnu]
    add: [/usr/include]
  end of search list found
  collapse include dir [/usr/lib/gcc/x86_64-linux-gnu/11/include] ==> [/usr/lib/gcc/x86_64-linux-gnu/11/include]
  collapse include dir [/usr/local/include] ==> [/usr/local/include]
  collapse include dir [/usr/include/x86_64-linux-gnu] ==> [/usr/include/x86_64-linux-gnu]
  collapse include dir [/usr/include] ==> [/usr/include]
  implicit include dirs: [/usr/lib/gcc/x86_64-linux-gnu/11/include;/usr/local/include;/usr/include/x86_64-linux-gnu;/usr/include]


Parsed C implicit link information from above output:
  link line regex: [^( *|.*[/\])(ld|CMAKE_LINK_STARTFILE-NOTFOUND|([^/\]+-)?ld|collect2)[^/\]*( |$)]
  ignore line: [Change Dir: /home/thejana/Documents/assignments/year_04/is4101/maxsat_solvers/gecode/gecode-release-6.2.0/build/CMakeFiles/CMakeTmp]
  ignore line: []
  ignore line: [Run Build Command(s):/usr/bin/gmake -f Makefile cmTC_56c51/fast && /usr/bin/gmake  -f CMakeFiles/cmTC_56c51.dir/build.make CMakeFiles/cmTC_56c51.dir/build]
  ignore line: [gmake[1]: Entering directory '/home/thejana/Documents/assignments/year_04/is4101/maxsat_solvers/gecode/gecode-release-6.2.0/build/CMakeFiles/CMakeTmp']
  ignore line: [Building C object CMakeFiles/cmTC_56c51.dir/CMakeCCompilerABI.c.o]
  ignore line: [/usr/bin/cc   -v -o CMakeFiles/cmTC_56c51.dir/CMakeCCompilerABI.c.o -c /usr/share/cmake-3.22/Modules/CMakeCCompilerABI.c]
  ignore line: [Using built-in specs.]
  ignore line: [COLLECT_GCC=/usr/bin/cc]
  ignore line: [OFFLOAD_TARGET_NAMES=nvptx-none:amdgcn-amdhsa]
  ignore line: [OFFLOAD_TARGET_DEFAULT=1]
  ignore line: [Target: x86_64-linux-gnu]
  ignore line: [Configured with: ../src/configure -v --with-pkgversion='Ubuntu 11.4.0-1ubuntu1~22.04' --with-bugurl=file:///usr/share/doc/gcc-11/README.Bugs --enable-languages=c ada c++ go brig d fortran objc obj-c++ m2 --prefix=/usr --with-gcc-major-version-only --program-suffix=-11 --program-prefix=x86_64-linux-gnu- --enable-shared --enable-linker-build-id --libexecdir=/usr/lib --without-included-gettext --enable-threads=posix --libdir=/usr/lib --enable-nls --enable-bootstrap --enable-clocale=gnu --enable-libstdcxx-debug --enable-libstdcxx-time=yes --with-default-libstdcxx-abi=new --enable-gnu-unique-object --disable-vtable-verify --enable-plugin --enable-default-pie --with-system-zlib --enable-libphobos-checking=release --with-target-system-zlib=auto --enable-objc-gc=auto --enable-multiarch --disable-werror --enable-cet --with-arch-32=i686 --with-abi=m64 --with-multilib-list=m32 m64 mx32 --enable-multilib --with-tune=generic --enable-offload-targets=nvptx-none=/build/gcc-11-XeT9lY/gcc-11-11.4.0/debian/tmp-nvptx/usr amdgcn-amdhsa=/build/gcc-11-XeT9lY/gcc-11-11.4.0/debian/tmp-gcn/usr --without-cuda-driver --enable-checking=release --build=x86_64-linux-gnu --host=x86_64-linux-gnu --target=x86_64-linux-gnu --with-build-config=bootstrap-lto-lean --enable-link-serialization=2]
  ignore line: [Thread model: posix]
  ignore line: [Supported LTO compression algorithms: zlib zstd]
  ignore line: [gcc version 11.4.0 (Ubuntu 11.4.0-1ubuntu1~22.04) ]
  ignore line: [COLLECT_GCC_OPTIONS='-v' '-o' 'CMakeFiles/cmTC_56c51.dir/CMakeCCompilerABI.c.o' '-c' '-mtune=generic' '-march=x86-64' '-dumpdir' 'CMakeFiles/cmTC_56c51.dir/']
  ignore line: [ /usr/lib/gcc/x86_64-linux-gnu/11/cc1 -quiet -v -imultiarch x86_64-linux-gnu /usr/share/cmake-3.22/Modules/CMakeCCompilerABI.c -quiet -dumpdir CMakeFiles/cmTC_56c51.dir/ -dumpbase CMakeCCompilerABI.c.c -dumpbase-ext .c -mtune=generic -march=x86-64 -version -fasynchronous-unwind-tables -fstack-protector-strong -Wformat -Wformat-security -fstack-clash-protection -fcf-protection -o /tmp/cck8C3wl.s]
  ignore line: [GNU C17 (Ubuntu 11.4.0-1ubuntu1~22.04) version 11.4.0 (x86_64-linux-gnu)]
  ignore line: [	compiled by GNU C version 11.4.0  GMP version 6.2.1  MPFR version 4.1.0  MPC version 1.2.1  isl version isl-0.24-GMP]
  ignore line: []
  ignore line: [GGC heuristics: --param ggc-min-expand=100 --param ggc-min-heapsize=131072]
  ignore line: [ignoring nonexistent directory "/usr/local/include/x86_64-linux-gnu"]
  ignore line: [ignoring nonexistent directory "/usr/lib/gcc/x86_64-linux-gnu/11/include-fixed"]
  ignore line: [ignoring nonexistent directory "/usr/lib/gcc/x86_64-linux-gnu/11/../../../../x86_64-linux-gnu/include"]
  ignore line: [#include "..." search starts here:]
  ignore line: [#include <...> search starts here:]
  ignore line: [ /usr/lib/gcc/x86_64-linux-gnu/11/include]
  ignore line: [ /usr/local/include]
  ignore line: [ /usr/include/x86_64-linux-gnu]
  ignore line: [ /usr/include]
  ignore line: [End of search list.]
  ignore line: [GNU C17 (Ubuntu 11.4.0-1ubuntu1~22.04) version 11.4.0 (x86_64-linux-gnu)]
  ignore line: [	compiled by GNU C version 11.4.0  GMP version 6.2.1  MPFR version 4.1.0  MPC version 1.2.1  isl version isl-0.24-GMP]
  ignore line: []
  ignore line: [GGC heuristics: --param ggc-min-expand=100 --param ggc-min-heapsize=131072]
  ignore line: [Compiler executable checksum: 50eaa2331df977b8016186198deb2d18]
  ignore line: [COLLECT_GCC_OPTIONS='-v' '-o' 'CMakeFiles/cmTC_56c51.dir/CMakeCCompilerABI.c.o' '-c' '-mtune=generic' '-march=x86-64' '-dumpdir' 'CMakeFiles/cmTC_56c51.dir/']
  ignore line: [ as -v --64 -o CMakeFiles/cmTC_56c51.dir/CMakeCCompilerABI.c.o /tmp/cck8C3wl.s]
  ignore line: [GNU assembler version 2.38 (x86_64-linux-gnu) using BFD version (GNU Binutils for Ubuntu) 2.38]
  ignore line: [COMPILER_PATH=/usr/lib/gcc/x86_64-linux-gnu/11/:/usr/lib/gcc/x86_64-linux-gnu/11/:/usr/lib/gcc/x86_64-linux-gnu/:/usr/lib/gcc/x86_64-linux-gnu/11/:/usr/lib/gcc/x86_64-linux-gnu/]
  ignore line: [LIBRARY_PATH=/usr/lib/gcc/x86_64-linux-gnu/11/:/usr/lib/gcc/x86_64-linux-gnu/11/../../../x86_64-linux-gnu/:/usr/lib/gcc/x86_64-linux-gnu/11/../../../../lib/:/lib/x86_64-linux-gnu/:/lib/../lib/:/usr/lib/x86_64-linux-gnu/:/usr/lib/../lib/:/usr/lib/gcc/x86_64-linux-gnu/11/../../../:/lib/:/usr/lib/]
  ignore line: [COLLECT_GCC_OPTIONS='-v' '-o' 'CMakeFiles/cmTC_56c51.dir/CMakeCCompilerABI.c.o' '-c' '-mtune=generic' '-march=x86-64' '-dumpdir' 'CMakeFiles/cmTC_56c51.dir/CMakeCCompilerABI.c.']
  ignore line: [Linking C executable cmTC_56c51]
  ignore line: [/usr/bin/cmake -E cmake_link_script CMakeFiles/cmTC_56c51.dir/link.txt --verbose=1]
  ignore line: [/usr/bin/cc  -v -rdynamic CMakeFiles/cmTC_56c51.dir/CMakeCCompilerABI.c.o -o cmTC_56c51 ]
  ignore line: [Using built-in specs.]
  ignore line: [COLLECT_GCC=/usr/bin/cc]
  ignore line: [COLLECT_LTO_WRAPPER=/usr/lib/gcc/x86_64-linux-gnu/11/lto-wrapper]
  ignore line: [OFFLOAD_TARGET_NAMES=nvptx-none:amdgcn-amdhsa]
  ignore line: [OFFLOAD_TARGET_DEFAULT=1]
  ignore line: [Target: x86_64-linux-gnu]
  ignore line: [Configured with: ../src/configure -v --with-pkgversion='Ubuntu 11.4.0-1ubuntu1~22.04' --with-bugurl=file:///usr/share/doc/gcc-11/README.Bugs --enable-languages=c ada c++ go brig d fortran objc obj-c++ m2 --prefix=/usr --with-gcc-major-version-only --program-suffix=-11 --program-prefix=x86_64-linux-gnu- --enable-shared --enable-linker-build-id --libexecdir=/usr/lib --without-included-gettext --enable-threads=posix --libdir=/usr/lib --enable-nls --enable-bootstrap --enable-clocale=gnu --enable-libstdcxx-debug --enable-libstdcxx-time=yes --with-default-libstdcxx-abi=new --enable-gnu-unique-object --disable-vtable-verify --enable-plugin --enable-default-pie --with-system-zlib --enable-libphobos-checking=release --with-target-system-zlib=auto --enable-objc-gc=auto --enable-multiarch --disable-werror --enable-cet --with-arch-32=i686 --with-abi=m64 --with-multilib-list=m32 m64 mx32 --enable-multilib --with-tune=generic --enable-offload-targets=nvptx-none=/build/gcc-11-XeT9lY/gcc-11-11.4.0/debian/tmp-nvptx/usr amdgcn-amdhsa=/build/gcc-11-XeT9lY/gcc-11-11.4.0/debian/tmp-gcn/usr --without-cuda-driver --enable-checking=release --build=x86_64-linux-gnu --host=x86_64-linux-gnu --target=x86_64-linux-gnu --with-build-config=bootstrap-lto-lean --enable-link-serialization=2]
  ignore line: [Thread model: posix]
  ignore line: [Supported LTO compression algorithms: zlib zstd]
  ignore line: [gcc version 11.4.0 (Ubuntu 11.4.0-1ubuntu1~22.04) ]
  ignore line: [COMPILER_PATH=/usr/lib/gcc/x86_64-linux-gnu/11/:/usr/lib/gcc/x86_64-linux-gnu/11/:/usr/lib/gcc/x86_64-linux-gnu/:/usr/lib/gcc/x86_64-linux-gnu/11/:/usr/lib/gcc/x86_64-linux-gnu/]
  ignore line: [LIBRARY_PATH=/usr/lib/gcc/x86_64-linux-gnu/11/:/usr/lib/gcc/x86_64-linux-gnu/11/../../../x86_64-linux-gnu/:/usr/lib/gcc/x86_64-linux-gnu/11/../../../../lib/:/lib/x86_64-linux-gnu/:/lib/../lib/:/usr/lib/x86_64-linux-gnu/:/usr/lib/../lib/:/usr/lib/gcc/x86_64-linux-gnu/11/../../../:/lib/:/usr/lib/]
  ignore line: [COLLECT_GCC_OPTIONS='-v' '-rdynamic' '-o' 'cmTC_56c51' '-mtune=generic' '-march=x86-64' '-dumpdir' 'cmTC_56c51.']
  link line: [ /usr/lib/gcc/x86_64-linux-gnu/11/collect2 -plugin /usr/lib/gcc/x86_64-linux-gnu/11/liblto_plugin.so -plugin-opt=/usr/lib/gcc/x86_64-linux-gnu/11/lto-wrapper -plugin-opt=-fresolution=/tmp/cc8mXeTZ.res -plugin-opt=-pass-through=-lgcc -plugin-opt=-pass-through=-lgcc_s -plugin-opt=-pass-through=-lc -plugin-opt=-pass-through=-lgcc -plugin-opt=-pass-through=-lgcc_s --build-id --eh-frame-hdr -m elf_x86_64 --hash-style=gnu --as-needed -export-dynamic -dynamic-linker /lib64/ld-linux-x86-64.so.2 -pie -z now -z relro -o cmTC_56c51 /usr/lib/gcc/x86_64-linux-gnu/11/../../../x86_64-linux-gnu/Scrt1.o /usr/lib/gcc/x86_64-linux-gnu/11/../../../x86_64-linux-gnu/crti.o /usr/lib/gcc/x86_64-linux-gnu/11/crtbeginS.o -L/usr/lib/gcc/x86_64-linux-gnu/11 -L/usr/lib/gcc/x86_64-linux-gnu/11/../../../x86_64-linux-gnu -L/usr/lib/gcc/x86_64-linux-gnu/11/../../../../lib -L/lib/x86_64-linux-gnu -L/lib/../lib -L/usr/lib/x86_64-linux-gnu -L/usr/lib/../lib -L/usr/lib/gcc/x86_64-linux-gnu/11/../../.. CMakeFiles/cmTC_56c51.dir/CMakeCCompilerABI.c.o -lgcc --push-state --as-needed -lgcc_s --pop-state -lc -lgcc --push-state --as-needed -lgcc_s --pop-state /usr/lib/gcc/x86_64-linux-gnu/11/crtendS.o /usr/lib/gcc/x86_64-linux-gnu/11/../../../x86_64-linux-gnu/crtn.o]
    arg [/usr/lib/gcc/x86_64-linux-gnu/11/collect2] ==> ignore
    arg [-plugin] ==> ignore
    arg [/usr/lib/gcc/x86_64-linux-gnu/11/liblto_plugin.so] ==> ignore
    arg [-plugin-opt=/usr/lib/gcc/x86_64-linux-gnu/11/lto-wrapper] ==> ignore
    arg [-plugin-opt=-fresolution=/tmp/cc8mXeTZ.res] ==> ignore
    arg [-plugin-opt=-pass-through=-lgcc] ==> ignore
    arg [-plugin-opt=-pass-through=-lgcc_s] ==> ignore
    arg [-plugin-opt=-pass-through=-lc] ==> ignore
    arg [-plugin-opt=-pass-through=-lgcc] ==> ignore
    arg [-plugin-opt=-pass-through=-lgcc_s] ==> ignore
    arg [--build-id] ==> ignore
    arg [--eh-frame-hdr] ==> ignore
    arg [-m] ==> ignore
    arg [elf_x86_64] ==> ignore
    arg [--hash-style=gnu] ==> ignore
    arg [--as-needed] ==> ignore
    arg [-export-dynamic] ==> ignore
    arg [-dynamic-linker] ==> ignore
    arg [/lib64/ld-linux-x86-64.so.2] ==> ignore
    arg [-pie] ==> ignore
    arg [-znow] ==> ignore
    arg [-zrelro] ==> ignore
    arg [-o] ==> ignore
    arg [cmTC_56c51] ==> ignore
    arg [/usr/lib/gcc/x86_64-linux-gnu/11/../../../x86_64-linux-gnu/Scrt1.o] ==> obj [/usr/lib/gcc/x86_64-linux-gnu/11/../../../x86_64-linux-gnu/Scrt1.o]
    arg [/usr/lib/gcc/x86_64-linux-gnu/11/../../../x86_64-linux-gnu/crti.o] ==> obj [/usr/lib/gcc/x86_64-linux-gnu/11/../../../x86_64-linux-gnu/crti.o]
    arg [/usr/lib/gcc/x86_64-linux-gnu/11/crtbeginS.o] ==> obj [/usr/lib/gcc/x86_64-linux-gnu/11/crtbeginS.o]
    arg [-L/usr/lib/gcc/x86_64-linux-gnu/11] ==> dir [/usr/lib/gcc/x86_64-linux-gnu/11]
    arg [-L/usr/lib/gcc/x86_64-linux-gnu/11/../../../x86_64-linux-gnu] ==> dir [/usr/lib/gcc/x86_64-linux-gnu/11/../../../x86_64-linux-gnu]
    arg [-L/usr/lib/gcc/x86_64-linux-gnu/11/../../../../lib] ==> dir [/usr/lib/gcc/x86_64-linux-gnu/11/../../../../lib]
    arg [-L/lib/x86_64-linux-gnu] ==> dir [/lib/x86_64-linux-gnu]
    arg [-L/lib/../lib] ==> dir [/lib/../lib]
    arg [-L/usr/lib/x86_64-linux-gnu] ==> dir [/usr/lib/x86_64-linux-gnu]
    arg [-L/usr/lib/../lib] ==> dir [/usr/lib/../lib]
    arg [-L/usr/lib/gcc/x86_64-linux-gnu/11/../../..] ==> dir [/usr/lib/gcc/x86_64-linux-gnu/11/../../..]
    arg [CMakeFiles/cmTC_56c51.dir/CMakeCCompilerABI.c.o] ==> ignore
    arg [-lgcc] ==> lib [gcc]
    arg [--push-state] ==> ignore
    arg [--as-needed] ==> ignore
    arg [-lgcc_s] ==> lib [gcc_s]
    arg [--pop-state] ==> ignore
    arg [-lc] ==> lib [c]
    arg [-lgcc] ==> lib [gcc]
    arg [--push-state] ==> ignore
    arg [--as-needed] ==> ignore
    arg [-lgcc_s] ==> lib [gcc_s]
    arg [--pop-state] ==> ignore
    arg [/usr/lib/gcc/x86_64-linux-gnu/11/crtendS.o] ==> obj [/usr/lib/gcc/x86_64-linux-gnu/11/crtendS.o]
    arg [/usr/lib/gcc/x86_64-linux-gnu/11/../../../x86_64-linux-gnu/crtn.o] ==> obj [/usr/lib/gcc/x86_64-linux-gnu/11/../../../x86_64-linux-gnu/crtn.o]
  collapse obj [/usr/lib/gcc/x86_64-linux-gnu/11/../../../x86_64-linux-gnu/Scrt1.o] ==> [/usr/lib/x86_64-linux-gnu/Scrt1.o]
  collapse obj [/usr/lib/gcc/x86_64-linux-gnu/11/../../../x86_64-linux-gnu/crti.o] ==> [/usr/lib/x86_64-linux-gnu/crti.o]
  collapse obj [/usr/lib/gcc/x86_64-linux-gnu/11/../../../x86_64-linux-gnu/crtn.o] ==> [/usr/lib/x86_64-linux-gnu/crtn.o]
  collapse library dir [/usr/lib/gcc/x86_64-linux-gnu/11] ==> [/usr/lib/gcc/x86_64-linux-gnu/11]
  collapse library dir [/usr/lib/gcc/x86_64-linux-gnu/11/../../../x86_64-linux-gnu] ==> [/usr/lib/x86_64-linux-gnu]
  collapse library dir [/usr/lib/gcc/x86_64-linux-gnu/11/../../../../lib] ==> [/usr/lib]
  collapse library dir [/lib/x86_64-linux-gnu] ==> [/lib/x86_64-linux-gnu]
  collapse library dir [/lib/../lib] ==> [/lib]
  collapse library dir [/usr/lib/x86_64-linux-gnu] ==> [/usr/lib/x86_64-linux-gnu]
  collapse library dir [/usr/lib/../lib] ==> [/usr/lib]
  collapse library dir [/usr/lib/gcc/x86_64-linux-gnu/11/../../..] ==> [/usr/lib]
  implicit libs: [gcc;gcc_s;c;gcc;gcc_s]
  implicit objs: [/usr/lib/x86_64-linux-gnu/Scrt1.o;/usr/lib/x86_64-linux-gnu/crti.o;/usr/lib/gcc/x86_64-linux-gnu/11/crtbeginS.o;/usr/lib/gcc/x86_64-linux-gnu/11/crtendS.o;/usr/lib/x86_64-linux-gnu/crtn.o]
  implicit dirs: [/usr/lib/gcc/x86_64-linux-gnu/11;/usr/lib/x86_64-linux-gnu;/usr/lib;/lib/x86_64-linux-gnu;/lib]
  implicit fwks: []


Detecting CXX compiler ABI info compiled with the following output:
Change Dir: /home/thejana/Documents/assignments/year_04/is4101/maxsat_solvers/gecode/gecode-release-6.2.0/build/CMakeFiles/CMakeTmp

Run Build Command(s):/usr/bin/gmake -f Makefile cmTC_348aa/fast && /usr/bin/gmake  -f CMakeFiles/cmTC_348aa.dir/build.make CMakeFiles/cmTC_348aa.dir/build
gmake[1]: Entering directory '/home/thejana/Documents/assignments/year_04/is4101/maxsat_solvers/gecode/gecode-release-6.2.0/build/CMakeFiles/CMakeTmp'
Building CXX object CMakeFiles/cmTC_348aa.dir/CMakeCXXCompilerABI.cpp.o
/usr/bin/c++   -v -o CMakeFiles/cmTC_348aa.dir/CMakeCXXCompilerABI.cpp.o -c /usr/share/cmake-3.22/Modules/CMakeCXXCompilerABI.cpp
Using built-in specs.
COLLECT_GCC=/usr/bin/c++
OFFLOAD_TARGET_NAMES=nvptx-none:amdgcn-amdhsa
OFFLOAD_TARGET_DEFAULT=1
Target: x86_64-linux-gnu
Configured with: ../src/configure -v --with-pkgversion='Ubuntu 11.4.0-1ubuntu1~22.04' --with-bugurl=file:///usr/share/doc/gcc-11/README.Bugs --enable-languages=c,ada,c++,go,brig,d,fortran,objc,obj-c++,m2 --prefix=/usr --with-gcc-major-version-only --program-suffix=-11 --program-prefix=x86_64-linux-gnu- --enable-shared --enable-linker-build-id --libexecdir=/usr/lib --without-included-gettext --enable-threads=posix --libdir=/usr/lib --enable-nls --enable-bootstrap --enable-clocale=gnu --enable-libstdcxx-debug --enable-libstdcxx-time=yes --with-default-libstdcxx-abi=new --enable-gnu-unique-object --disable-vtable-verify --enable-plugin --enable-default-pie --with-system-zlib --enable-libphobos-checking=release --with-target-system-zlib=auto --enable-objc-gc=auto --enable-multiarch --disable-werror --enable-cet --with-arch-32=i686 --with-abi=m64 --with-multilib-list=m32,m64,mx32 --enable-multilib --with-tune=generic --enable-offload-targets=nvptx-none=/build/gcc-11-XeT9lY/gcc-11-11.4.0/debian/tmp-nvptx/usr,amdgcn-amdhsa=/build/gcc-11-XeT9lY/gcc-11-11.4.0/debian/tmp-gcn/usr --without-cuda-driver --enable-checking=release --build=x86_64-linux-gnu --host=x86_64-linux-gnu --target=x86_64-linux-gnu --with-build-config=bootstrap-lto-lean --enable-link-serialization=2
Thread model: posix
Supported LTO compression algorithms: zlib zstd
gcc version 11.4.0 (Ubuntu 11.4.0-1ubuntu1~22.04) 
COLLECT_GCC_OPTIONS='-v' '-o' 'CMakeFiles/cmTC_348aa.dir/CMakeCXXCompilerABI.cpp.o' '-c' '-shared-libgcc' '-mtune=generic' '-march=x86-64' '-dumpdir' 'CMakeFiles/cmTC_348aa.dir/'
 /usr/lib/gcc/x86_64-linux-gnu/11/cc1plus -quiet -v -imultiarch x86_64-linux-gnu -D_GNU_SOURCE /usr/share/cmake-3.22/Modules/CMakeCXXCompilerABI.cpp -quiet -dumpdir CMakeFiles/cmTC_348aa.dir/ -dumpbase CMakeCXXCompilerABI.cpp.cpp -dumpbase-ext .cpp -mtune=generic -march=x86-64 -version -fasynchronous-unwind-tables -fstack-protector-strong -Wformat -Wformat-security -fstack-clash-protection -fcf-protection -o /tmp/ccOc6JLi.s
GNU C++17 (Ubuntu 11.4.0-1ubuntu1~22.04) version 11.4.0 (x86_64-linux-gnu)
	compiled by GNU C version 11.4.0, GMP version 6.2.1, MPFR version 4.1.0, MPC version 1.2.1, isl version isl-0.24-GMP

GGC heuristics: --param ggc-min-expand=100 --param ggc-min-heapsize=131072
ignoring duplicate directory "/usr/include/x86_64-linux-gnu/c++/11"
ignoring nonexistent directory "/usr/local/include/x86_64-linux-gnu"
ignoring nonexistent directory "/usr/lib/gcc/x86_64-linux-gnu/11/include-fixed"
ignoring nonexistent directory "/usr/lib/gcc/x86_64-linux-gnu/11/../../../../x86_64-linux-gnu/include"
#include "..." search starts here:
#include <...> search starts here:
 /usr/include/c++/11
 /usr/include/x86_64-linux-gnu/c++/11
 /usr/include/c++/11/backward
 /usr/lib/gcc/x86_64-linux-gnu/11/include
 /usr/local/include
 /usr/include/x86_64-linux-gnu
 /usr/include
End of search list.
GNU C++17 (Ubuntu 11.4.0-1ubuntu1~22.04) version 11.4.0 (x86_64-linux-gnu)
	compiled by GNU C version 11.4.0, GMP version 6.2.1, MPFR version 4.1.0, MPC version 1.2.1, isl version isl-0.24-GMP

GGC heuristics: --param ggc-min-expand=100 --param ggc-min-heapsize=131072
Compiler executable checksum: d591828bb4d392ae8b7b160e5bb0b95f
COLLECT_GCC_OPTIONS='-v' '-o' 'CMakeFiles/cmTC_348aa.dir/CMakeCXXCompilerABI.cpp.o' '-c' '-shared-libgcc' '-mtune=generic' '-march=x86-64' '-dumpdir' 'CMakeFiles/cmTC_348aa.dir/'
 as -v --64 -o CMakeFiles/cmTC_348aa.dir/CMakeCXXCompilerABI.cpp.o /tmp/ccOc6JLi.s
GNU assembler version 2.38 (x86_64-linux-gnu) using BFD version (GNU Binutils for Ubuntu) 2.38
COMPILER_PATH=/usr/lib/gcc/x86_64-linux-gnu/11/:/usr/lib/gcc/x86_64-linux-gnu/11/:/usr/lib/gcc/x86_64-linux-gnu/:/usr/lib/gcc/x86_64-linux-gnu/11/:/usr/lib/gcc/x86_64-linux-gnu/
LIBRARY_PATH=/usr/lib/gcc/x86_64-linux-gnu/11/:/usr/lib/gcc/x86_64-linux-gnu/11/../../../x86_64-linux-gnu/:/usr/lib/gcc/x86_64-linux-gnu/11/../../../../lib/:/lib/x86_64-linux-gnu/:/lib/../lib/:/usr/lib/x86_64-linux-gnu/:/usr/lib/../lib/:/usr/lib/gcc/x86_64-linux-gnu/11/../../../:/lib/:/usr/lib/
COLLECT_GCC_OPTIONS='-v' '-o' 'CMakeFiles/cmTC_348aa.dir/CMakeCXXCompilerABI.cpp.o' '-c' '-shared-libgcc' '-mtune=generic' '-march=x86-64' '-dumpdir' 'CMakeFiles/cmTC_348aa.dir/CMakeCXXCompilerABI.cpp.'
Linking CXX executable cmTC_348aa
/usr/bin/cmake -E cmake_link_script CMakeFiles/cmTC_348aa.dir/link.txt --verbose=1
/usr/bin/c++  -v -rdynamic CMakeFiles/cmTC_348aa.dir/CMakeCXXCompilerABI.cpp.o -o cmTC_348aa 
Using built-in specs.
COLLECT_GCC=/usr/bin/c++
COLLECT_LTO_WRAPPER=/usr/lib/gcc/x86_64-linux-gnu/11/lto-wrapper
OFFLOAD_TARGET_NAMES=nvptx-none:amdgcn-amdhsa
OFFLOAD_TARGET_DEFAULT=1
Target: x86_64-linux-gnu
Configured with: ../src/configure -v --with-pkgversion='Ubuntu 11.4.0-1ubuntu1~22.04' --with-bugurl=file:///usr/share/doc/gcc-11/README.Bugs --enable-languages=c,ada,c++,go,brig,d,fortran,objc,obj-c++,m2 --prefix=/usr --with-gcc-major-version-only --program-suffix=-11 --program-prefix=x86_64-linux-gnu- --enable-shared --enable-linker-build-id --libexecdir=/usr/lib --without-included-gettext --enable-threads=posix --libdir=/usr/lib --enable-nls --enable-bootstrap --enable-clocale=gnu --enable-libstdcxx-debug --enable-libstdcxx-time=yes --with-default-libstdcxx-abi=new --enable-gnu-unique-object --disable-vtable-verify --enable-plugin --enable-default-pie --with-system-zlib --enable-libphobos-checking=release --with-target-system-zlib=auto --enable-objc-gc=auto --enable-multiarch --disable-werror --enable-cet --with-arch-32=i686 --with-abi=m64 --with-multilib-list=m32,m64,mx32 --enable-multilib --with-tune=generic --enable-offload-targets=nvptx-none=/build/gcc-11-XeT9lY/gcc-11-11.4.0/debian/tmp-nvptx/usr,amdgcn-amdhsa=/build/gcc-11-XeT9lY/gcc-11-11.4.0/debian/tmp-gcn/usr --without-cuda-driver --enable-checking=release --build=x86_64-linux-gnu --host=x86_64-linux-gnu --target=x86_64-linux-gnu --with-build-config=bootstrap-lto-lean --enable-link-serialization=2
Thread model: posix
Supported LTO compression algorithms: zlib zstd
gcc version 11.4.0 (Ubuntu 11.4.0-1ubuntu1~22.04) 
COMPILER_PATH=/usr/lib/gcc/x86_64-linux-gnu/11/:/usr/lib/gcc/x86_64-linux-gnu/11/:/usr/lib/gcc/x86_64-linux-gnu/:/usr/lib/gcc/x86_64-linux-gnu/11/:/usr/lib/gcc/x86_64-linux-gnu/
LIBRARY_PATH=/usr/lib/gcc/x86_64-linux-gnu/11/:/usr/lib/gcc/x86_64-linux-gnu/11/../../../x86_64-linux-gnu/:/usr/lib/gcc/x86_64-linux-gnu/11/../../../../lib/:/lib/x86_64-linux-gnu/:/lib/../lib/:/usr/lib/x86_64-linux-gnu/:/usr/lib/../lib/:/usr/lib/gcc/x86_64-linux-gnu/11/../../../:/lib/:/usr/lib/
COLLECT_GCC_OPTIONS='-v' '-rdynamic' '-o' 'cmTC_348aa' '-shared-libgcc' '-mtune=generic' '-march=x86-64' '-dumpdir' 'cmTC_348aa.'
 /usr/lib/gcc/x86_64-linux-gnu/11/collect2 -plugin /usr/lib/gcc/x86_64-linux-gnu/11/liblto_plugin.so -plugin-opt=/usr/lib/gcc/x86_64-linux-gnu/11/lto-wrapper -plugin-opt=-fresolution=/tmp/cc19vQJL.res -plugin-opt=-pass-through=-lgcc_s -plugin-opt=-pass-through=-lgcc -plugin-opt=-pass-through=-lc -plugin-opt=-pass-through=-lgcc_s -plugin-opt=-pass-through=-lgcc --build-id --eh-frame-hdr -m elf_x86_64 --hash-style=gnu --as-needed -export-dynamic -dynamic-linker /lib64/ld-linux-x86-64.so.2 -pie -z now -z relro -o cmTC_348aa /usr/lib/gcc/x86_64-linux-gnu/11/../../../x86_64-linux-gnu/Scrt1.o /usr/lib/gcc/x86_64-linux-gnu/11/../../../x86_64-linux-gnu/crti.o /usr/lib/gcc/x86_64-linux-gnu/11/crtbeginS.o -L/usr/lib/gcc/x86_64-linux-gnu/11 -L/usr/lib/gcc/x86_64-linux-gnu/11/../../../x86_64-linux-gnu -L/usr/lib/gcc/x86_64-linux-gnu/11/../../../../lib -L/lib/x86_64-linux-gnu -L/lib/../lib -L/usr/lib/x86_64-linux-gnu -L/usr/lib/../lib -L/usr/lib/gcc/x86_64-linux-gnu/11/../../.. CMakeFiles/cmTC_348aa.dir/CMakeCXXCompilerABI.cpp.o -lstdc++ -lm -lgcc_s -lgcc -lc -lgcc_s -lgcc /usr/lib/gcc/x86_64-linux-gnu/11/crtendS.o /usr/lib/gcc/x86_64-linux-gnu/11/../../../x86_64-linux-gnu/crtn.o
COLLECT_GCC_OPTIONS='-v' '-rdynamic' '-o' 'cmTC_348aa' '-shared-libgcc' '-mtune=generic' '-march=x86-64' '-dumpdir' 'cmTC_348aa.'
gmake[1]: Leaving directory '/home/thejana/Documents/assignments/year_04/is4101/maxsat_solvers/gecode/gecode-release-6.2.0/build/CMakeFiles/CMakeTmp'



Parsed CXX implicit include dir info from above output: rv=done
  found start of include info
  found start of implicit include info
    add: [/usr/include/c++/11]
    add: [/usr/include/x86_64-linux-gnu/c++/11]
    add: [/usr/include/c++/11/backward]
    add: [/usr/lib/gcc/x86_64-linux-gnu/11/include]
    add: [/usr/local/include]
    add: [/usr/include/x86_64-linux-gnu]
    add: [/usr/include]
  end of search list found
  collapse include dir [/usr/include/c++/11] ==> [/usr/include/c++/11]
  collapse include dir [/usr/include/x86_64-linux-gnu/c++/11] ==> [/usr/include/x86_64-linux-gnu/c++/11]
  collapse include dir [/usr/include/c++/11/backward] ==> [/usr/include/c++/11/backward]
  collapse include dir [/usr/lib/gcc/x86_64-linux-gnu/11/include] ==> [/usr/lib/gcc/x86_64-linux-gnu/11/include]
  collapse include dir [/usr/local/include] ==> [/usr/local/include]
  collapse include dir [/usr/include/x86_64-linux-gnu] ==> [/usr/include/x86_64-linux-gnu]
  collapse include dir [/usr/include] ==> [/usr/include]
  implicit include dirs: [/usr/include/c++/11;/usr/include/x86_64-linux-gnu/c++/11;/usr/include/c++/11/backward;/usr/lib/gcc/x86_64-linux-gnu/11/include;/usr/local/include;/usr/include/x86_64-linux-gnu;/usr/include]


Parsed CXX implicit link information from above output:
  link line regex: [^( *|.*[/\])(ld|CMAKE_LINK_STARTFILE-NOTFOUND|([^/\]+-)?ld|collect2)[^/\]*( |$)]
  ignore line: [Change Dir: /home/thejana/Documents/assignments/year_04/is4101/maxsat_solvers/gecode/gecode-release-6.2.0/build/CMakeFiles/CMakeTmp]
  ignore line: []
  ignore line: [Run Build Command(s):/usr/bin/gmake -f Makefile cmTC_348aa/fast && /usr/bin/gmake  -f CMakeFiles/cmTC_348aa.dir/build.make CMakeFiles/cmTC_348aa.dir/build]
  ignore line: [gmake[1]: Entering directory '/home/thejana/Documents/assignments/year_04/is4101/maxsat_solvers/gecode/gecode-release-6.2.0/build/CMakeFiles/CMakeTmp']
  ignore line: [Building CXX object CMakeFiles/cmTC_348aa.dir/CMakeCXXCompilerABI.cpp.o]
  ignore line: [/usr/bin/c++   -v -o CMakeFiles/cmTC_348aa.dir/CMakeCXXCompilerABI.cpp.o -c /usr/share/cmake-3.22/Modules/CMakeCXXCompilerABI.cpp]
  ignore line: [Using built-in specs.]
  ignore line: [COLLECT_GCC=/usr/bin/c++]
  ignore line: [OFFLOAD_TARGET_NAMES=nvptx-none:amdgcn-amdhsa]
  ignore line: [OFFLOAD_TARGET_DEFAULT=1]
  ignore line: [Target: x86_64-linux-gnu]
  ignore line: [Configured with: ../src/configure -v --with-pkgversion='Ubuntu 11.4.0-1ubuntu1~22.04' --with-bugurl=file:///usr/share/doc/gcc-11/README.Bugs --enable-languages=c ada c++ go brig d fortran objc obj-c++ m2 --prefix=/usr --with-gcc-major-version-only --program-suffix=-11 --program-prefix=x86_64-linux-gnu- --enable-shared --enable-linker-build-id --libexecdir=/usr/lib --without-included-gettext --enable-threads=posix --libdir=/usr/lib --enable-nls --enable-bootstrap --enable-clocale=gnu --enable-libstdcxx-debug --enable-libstdcxx-time=yes --with-default-libstdcxx-abi=new --enable-gnu-unique-object --disable-vtable-verify --enable-plugin --enable-default-pie --with-system-zlib --enable-libphobos-checking=release --with-target-system-zlib=auto --enable-objc-gc=auto --enable-multiarch --disable-werror --enable-cet --with-arch-32=i686 --with-abi=m64 --with-multilib-list=m32 m64 mx32 --enable-multilib --with-tune=generic --enable-offload-targets=nvptx-none=/build/gcc-11-XeT9lY/gcc-11-11.4.0/debian/tmp-nvptx/usr amdgcn-amdhsa=/build/gcc-11-XeT9lY/gcc-11-11.4.0/debian/tmp-gcn/usr --without-cuda-driver --enable-checking=release --build=x86_64-linux-gnu --host=x86_64-linux-gnu --target=x86_64-linux-gnu --with-build-config=bootstrap-lto-lean --enable-link-serialization=2]
  ignore line: [Thread model: posix]
  ignore line: [Supported LTO compression algorithms: zlib zstd]
  ignore line: [gcc version 11.4.0 (Ubuntu 11.4.0-1ubuntu1~22.04) ]
  ignore line: [COLLECT_GCC_OPTIONS='-v' '-o' 'CMakeFiles/cmTC_348aa.dir/CMakeCXXCompilerABI.cpp.o' '-c' '-shared-libgcc' '-mtune=generic' '-march=x86-64' '-dumpdir' 'CMakeFiles/cmTC_348aa.dir/']
  ignore line: [ /usr/lib/gcc/x86_64-linux-gnu/11/cc1plus -quiet -v -imultiarch x86_64-linux-gnu -D_GNU_SOURCE /usr/share/cmake-3.22/Modules/CMakeCXXCompilerABI.cpp -quiet -dumpdir CMakeFiles/cmTC_348aa.dir/ -dumpbase CMakeCXXCompilerABI.cpp.cpp -dumpbase-ext .cpp -mtune=generic -march=x86-64 -version -fasynchronous-unwind-tables -fstack-protector-strong -Wformat -Wformat-security -fstack-clash-protection -fcf-protection -o /tmp/ccOc6JLi.s]
  ignore line: [GNU C++17 (Ubuntu 11.4.0-1ubuntu1~22.04) version 11.4.0 (x86_64-linux-gnu)]
  ignore line: [	compiled by GNU C version 11.4.0  GMP version 6.2.1  MPFR version 4.1.0  MPC version 1.2.1  isl version isl-0.24-GMP]
  ignore line: []
  ignore line: [GGC heuristics: --param ggc-min-expand=100 --param ggc-min-heapsize=131072]
  ignore line: [ignoring duplicate directory "/usr/include/x86_64-linux-gnu/c++/11"]
  ignore line: [ignoring nonexistent directory "/usr/local/include/x86_64-linux-gnu"]
  ignore line: [ignoring nonexistent directory "/usr/lib/gcc/x86_64-linux-gnu/11/include-fixed"]
  ignore line: [ignoring nonexistent directory "/usr/lib/gcc/x86_64-linux-gnu/11/../../../../x86_64-linux-gnu/include"]
  ignore line: [#include "..." search starts here:]
  ignore line: [#include <...> search starts here:]
  ignore line: [ /usr/include/c++/11]
  ignore line: [ /usr/include/x86_64-linux-gnu/c++/11]
  ignore line: [ /usr/include/c++/11/backward]
  ignore line: [ /usr/lib/gcc/x86_64-linux-gnu/11/include]
  ignore line: [ /usr/local/include]
  ignore line: [ /usr/include/x86_64-linux-gnu]
  ignore line: [ /usr/include]
  ignore line: [End of search list.]
  ignore line: [GNU C++17 (Ubuntu 11.4.0-1ubuntu1~22.04) version 11.4.0 (x86_64-linux-gnu)]
  ignore line: [	compiled by GNU C version 11.4.0  GMP version 6.2.1  MPFR version 4.1.0  MPC version 1.2.1  isl version isl-0.24-GMP]
  ignore line: []
  ignore line: [GGC heuristics: --param ggc-min-expand=100 --param ggc-min-heapsize=131072]
  ignore line: [Compiler executable checksum: d591828bb4d392ae8b7b160e5bb0b95f]
  ignore line: [COLLECT_GCC_OPTIONS='-v' '-o' 'CMakeFiles/cmTC_348aa.dir/CMakeCXXCompilerABI.cpp.o' '-c' '-shared-libgcc' '-mtune=generic' '-march=x86-64' '-dumpdir' 'CMakeFiles/cmTC_348aa.dir/']
  ignore line: [ as -v --64 -o CMakeFiles/cmTC_348aa.dir/CMakeCXXCompilerABI.cpp.o /tmp/ccOc6JLi.s]
  ignore line: [GNU assembler version 2.38 (x86_64-linux-gnu) using BFD version (GNU Binutils for Ubuntu) 2.38]
  ignore line: [COMPILER_PATH=/usr/lib/gcc/x86_64-linux-gnu/11/:/usr/lib/gcc/x86_64-linux-gnu/11/:/usr/lib/gcc/x86_64-linux-gnu/:/usr/lib/gcc/x86_64-linux-gnu/11/:/usr/lib/gcc/x86_64-linux-gnu/]
  ignore line: [LIBRARY_PATH=/usr/lib/gcc/x86_64-linux-gnu/11/:/usr/lib/gcc/x86_64-linux-gnu/11/../../../x86_64-linux-gnu/:/usr/lib/gcc/x86_64-linux-gnu/11/../../../../lib/:/lib/x86_64-linux-gnu/:/lib/../lib/:/usr/lib/x86_64-linux-gnu/:/usr/lib/../lib/:/usr/lib/gcc/x86_64-linux-gnu/11/../../../:/lib/:/usr/lib/]
  ignore line: [COLLECT_GCC_OPTIONS='-v' '-o' 'CMakeFiles/cmTC_348aa.dir/CMakeCXXCompilerABI.cpp.o' '-c' '-shared-libgcc' '-mtune=generic' '-march=x86-64' '-dumpdir' 'CMakeFiles/cmTC_348aa.dir/CMakeCXXCompilerABI.cpp.']
  ignore line: [Linking CXX executable cmTC_348aa]
  ignore line: [/usr/bin/cmake -E cmake_link_script CMakeFiles/cmTC_348aa.dir/link.txt --verbose=1]
  ignore line: [/usr/bin/c++  -v -rdynamic CMakeFiles/cmTC_348aa.dir/CMakeCXXCompilerABI.cpp.o -o cmTC_348aa ]
  ignore line: [Using built-in specs.]
  ignore line: [COLLECT_GCC=/usr/bin/c++]
  ignore line: [COLLECT_LTO_WRAPPER=/usr/lib/gcc/x86_64-linux-gnu/11/lto-wrapper]
  ignore line: [OFFLOAD_TARGET_NAMES=nvptx-none:amdgcn-amdhsa]
  ignore line: [OFFLOAD_TARGET_DEFAULT=1]
  ignore line: [Target: x86_64-linux-gnu]
  ignore line: [Configured with: ../src/configure -v --with-pkgversion='Ubuntu 11.4.0-1ubuntu1~22.04' --with-bugurl=file:///usr/share/doc/gcc-11/README.Bugs --enable-languages=c ada c++ go brig d fortran objc obj-c++ m2 --prefix=/usr --with-gcc-major-version-only --program-suffix=-11 --program-prefix=x86_64-linux-gnu- --enable-shared --enable-linker-build-id --libexecdir=/usr/lib --without-included-gettext --enable-threads=posix --libdir=/usr/lib --enable-nls --enable-bootstrap --enable-clocale=gnu --enable-libstdcxx-debug --enable-libstdcxx-time=yes --with-default-libstdcxx-abi=new --enable-gnu-unique-object --disable-vtable-verify --enable-plugin --enable-default-pie --with-system-zlib --enable-libphobos-checking=release --with-target-system-zlib=auto --enable-objc-gc=auto --enable-multiarch --disable-werror --enable-cet --with-arch-32=i686 --with-abi=m64 --with-multilib-list=m32 m64 mx32 --enable-multilib --with-tune=generic --enable-offload-targets=nvptx-none=/build/gcc-11-XeT9lY/gcc-11-11.4.0/debian/tmp-nvptx/usr amdgcn-amdhsa=/build/gcc-11-XeT9lY/gcc-11-11.4.0/debian/tmp-gcn/usr --without-cuda-driver --enable-checking=release --build=x86_64-linux-gnu --host=x86_64-linux-gnu --target=x86_64-linux-gnu --with-build-config=bootstrap-lto-lean --enable-link-serialization=2]
  ignore line: [Thread model: posix]
  ignore line: [Supported LTO compression algorithms: zlib zstd]
  ignore line: [gcc version 11.4.0 (Ubuntu 11.4.0-1ubuntu1~22.04) ]
  ignore line: [COMPILER_PATH=/usr/lib/gcc/x86_64-linux-gnu/11/:/usr/lib/gcc/x86_64-linux-gnu/11/:/usr/lib/gcc/x86_64-linux-gnu/:/usr/lib/gcc/x86_64-linux-gnu/11/:/usr/lib/gcc/x86_64-linux-gnu/]
  ignore line: [LIBRARY_PATH=/usr/lib/gcc/x86_64-linux-gnu/11/:/usr/lib/gcc/x86_64-linux-gnu/11/../../../x86_64-linux-gnu/:/usr/lib/gcc/x86_64-linux-gnu/11/../../../../lib/:/lib/x86_64-linux-gnu/:/lib/../lib/:/usr/lib/x86_64-linux-gnu/:/usr/lib/../lib/:/usr/lib/gcc/x86_64-linux-gnu/11/../../../:/lib/:/usr/lib/]
  ignore line: [COLLECT_GCC_OPTIONS='-v' '-rdynamic' '-o' 'cmTC_348aa' '-shared-libgcc' '-mtune=generic' '-march=x86-64' '-dumpdir' 'cmTC_348aa.']
  link line: [ /usr/lib/gcc/x86_64-linux-gnu/11/collect2 -plugin /usr/lib/gcc/x86_64-linux-gnu/11/liblto_plugin.so -plugin-opt=/usr/lib/gcc/x86_64-linux-gnu/11/lto-wrapper -plugin-opt=-fresolution=/tmp/cc19vQJL.res -plugin-opt=-pass-through=-lgcc_s -plugin-opt=-pass-through=-lgcc -plugin-opt=-pass-through=-lc -plugin-opt=-pass-through=-lgcc_s -plugin-opt=-pass-through=-lgcc --build-id --eh-frame-hdr -m elf_x86_64 --hash-style=gnu --as-needed -export-dynamic -dynamic-linker /lib64/ld-linux-x86-64.so.2 -pie -z now -z relro -o cmTC_348aa /usr/lib/gcc/x86_64-linux-gnu/11/../../../x86_64-linux-gnu/Scrt1.o /usr/lib/gcc/x86_64-linux-gnu/11/../../../x86_64-linux-gnu/crti.o /usr/lib/gcc/x86_64-linux-gnu/11/crtbeginS.o -L/usr/lib/gcc/x86_64-linux-gnu/11 -L/usr/lib/gcc/x86_64-linux-gnu/11/../../../x86_64-linux-gnu -L/usr/lib/gcc/x86_64-linux-gnu/11/../../../../lib -L/lib/x86_64-linux-gnu -L/lib/../lib -L/usr/lib/x86_64-linux-gnu -L/usr/lib/../lib -L/usr/lib/gcc/x86_64-linux-gnu/11/../../.. CMakeFiles/cmTC_348aa.dir/CMakeCXXCompilerABI.cpp.o -lstdc++ -lm -lgcc_s -lgcc -lc -lgcc_s -lgcc /usr/lib/gcc/x86_64-linux-gnu/11/crtendS.o /usr/lib/gcc/x86_64-linux-gnu/11/../../../x86_64-linux-gnu/crtn.o]
    arg [/usr/lib/gcc/x86_64-linux-gnu/11/collect2] ==> ignore
    arg [-plugin] ==> ignore
    arg [/usr/lib/gcc/x86_64-linux-gnu/11/liblto_plugin.so] ==> ignore
    arg [-plugin-opt=/usr/lib/gcc/x86_64-linux-gnu/11/lto-wrapper] ==> ignore
    arg [-plugin-opt=-fresolution=/tmp/cc19vQJL.res] ==> ignore
    arg [-plugin-opt=-pass-through=-lgcc_s] ==> ignore
    arg [-plugin-opt=-pass-through=-lgcc] ==> ignore
    arg [-plugin-opt=-pass-through=-lc] ==> ignore
    arg [-plugin-opt=-pass-through=-lgcc_s] ==> ignore
    arg [-plugin-opt=-pass-through=-lgcc] ==> ignore
    arg [--build-id] ==> ignore
    arg [--eh-frame-hdr] ==> ignore
    arg [-m] ==> ignore
    arg [elf_x86_64] ==> ignore
    arg [--hash-style=gnu] ==> ignore
    arg [--as-needed] ==> ignore
    arg [-export-dynamic] ==> ignore
    arg [-dynamic-linker] ==> ignore
    arg [/lib64/ld-linux-x86-64.so.2] ==> ignore
    arg [-pie] ==> ignore
    arg [-znow] ==> ignore
    arg [-zrelro] ==> ignore
    arg [-o] ==> ignore
    arg [cmTC_348aa] ==> ignore
    arg [/usr/lib/gcc/x86_64-linux-gnu/11/../../../x86_64-linux-gnu/Scrt1.o] ==> obj [/usr/lib/gcc/x86_64-linux-gnu/11/../../../x86_64-linux-gnu/Scrt1.o]
    arg [/usr/lib/gcc/x86_64-linux-gnu/11/../../../x86_64-linux-gnu/crti.o] ==> obj [/usr/lib/gcc/x86_64-linux-gnu/11/../../../x86_64-linux-gnu/crti.o]
    arg [/usr/lib/gcc/x86_64-linux-gnu/11/crtbeginS.o] ==> obj [/usr/lib/gcc/x86_64-linux-gnu/11/crtbeginS.o]
    arg [-L/usr/lib/gcc/x86_64-linux-gnu/11] ==> dir [/usr/lib/gcc/x86_64-linux-gnu/11]
    arg [-L/usr/lib/gcc/x86_64-linux-gnu/11/../../../x86_64-linux-gnu] ==> dir [/usr/lib/gcc/x86_64-linux-gnu/11/../../../x86_64-linux-gnu]
    arg [-L/usr/lib/gcc/x86_64-linux-gnu/11/../../../../lib] ==> dir [/usr/lib/gcc/x86_64-linux-gnu/11/../../../../lib]
    arg [-L/lib/x86_64-linux-gnu] ==> dir [/lib/x86_64-linux-gnu]
    arg [-L/lib/../lib] ==> dir [/lib/../lib]
    arg [-L/usr/lib/x86_64-linux-gnu] ==> dir [/usr/lib/x86_64-linux-gnu]
    arg [-L/usr/lib/../lib] ==> dir [/usr/lib/../lib]
    arg [-L/usr/lib/gcc/x86_64-linux-gnu/11/../../..] ==> dir [/usr/lib/gcc/x86_64-linux-gnu/11/../../..]
    arg [CMakeFiles/cmTC_348aa.dir/CMakeCXXCompilerABI.cpp.o] ==> ignore
    arg [-lstdc++] ==> lib [stdc++]
    arg [-lm] ==> lib [m]
    arg [-lgcc_s] ==> lib [gcc_s]
    arg [-lgcc] ==> lib [gcc]
    arg [-lc] ==> lib [c]
    arg [-lgcc_s] ==> lib [gcc_s]
    arg [-lgcc] ==> lib [gcc]
    arg [/usr/lib/gcc/x86_64-linux-gnu/11/crtendS.o] ==> obj [/usr/lib/gcc/x86_64-linux-gnu/11/crtendS.o]
    arg [/usr/lib/gcc/x86_64-linux-gnu/11/../../../x86_64-linux-gnu/crtn.o] ==> obj [/usr/lib/gcc/x86_64-linux-gnu/11/../../../x86_64-linux-gnu/crtn.o]
  collapse obj [/usr/lib/gcc/x86_64-linux-gnu/11/../../../x86_64-linux-gnu/Scrt1.o] ==> [/usr/lib/x86_64-linux-gnu/Scrt1.o]
  collapse obj [/usr/lib/gcc/x86_64-linux-gnu/11/../../../x86_64-linux-gnu/crti.o] ==> [/usr/lib/x86_64-linux-gnu/crti.o]
  collapse obj [/usr/lib/gcc/x86_64-linux-gnu/11/../../../x86_64-linux-gnu/crtn.o] ==> [/usr/lib/x86_64-linux-gnu/crtn.o]
  collapse library dir [/usr/lib/gcc/x86_64-linux-gnu/11] ==> [/usr/lib/gcc/x86_64-linux-gnu/11]
  collapse library dir [/usr/lib/gcc/x86_64-linux-gnu/11/../../../x86_64-linux-gnu] ==> [/usr/lib/x86_64-linux-gnu]
  collapse library dir [/usr/lib/gcc/x86_64-linux-gnu/11/../../../../lib] ==> [/usr/lib]
  collapse library dir [/lib/x86_64-linux-gnu] ==> [/lib/x86_64-linux-gnu]
  collapse library dir [/lib/../lib] ==> [/lib]
  collapse library dir [/usr/lib/x86_64-linux-gnu] ==> [/usr/lib/x86_64-linux-gnu]
  collapse library dir [/usr/lib/../lib] ==> [/usr/lib]
  collapse library dir [/usr/lib/gcc/x86_64-linux-gnu/11/../../..] ==> [/usr/lib]
  implicit libs: [stdc++;m;gcc_s;gcc;c;gcc_s;gcc]
  implicit objs: [/usr/lib/x86_64-linux-gnu/Scrt1.o;/usr/lib/x86_64-linux-gnu/crti.o;/usr/lib/gcc/x86_64-linux-gnu/11/crtbeginS.o;/usr/lib/gcc/x86_64-linux-gnu/11/crtendS.o;/usr/lib/x86_64-linux-gnu/crtn.o]
  implicit dirs: [/usr/lib/gcc/x86_64-linux-gnu/11;/usr/lib/x86_64-linux-gnu;/usr/lib;/lib/x86_64-linux-gnu;/lib]
  implicit fwks: []


Performing C++ SOURCE FILE Test HAS_STDCPP11 succeeded with the following output:
Change Dir: /home/thejana/Documents/assignments/year_04/is4101/maxsat_solvers/gecode/gecode-release-6.2.0/build/CMakeFiles/CMakeTmp

Run Build Command(s):/usr/bin/gmake -f Makefile cmTC_297b2/fast && /usr/bin/gmake  -f CMakeFiles/cmTC_297b2.dir/build.make CMakeFiles/cmTC_297b2.dir/build
gmake[1]: Entering directory '/home/thejana/Documents/assignments/year_04/is4101/maxsat_solvers/gecode/gecode-release-6.2.0/build/CMakeFiles/CMakeTmp'
Building CXX object CMakeFiles/cmTC_297b2.dir/src.cxx.o
/usr/bin/c++ -DHAS_STDCPP11  -std=c++11 -o CMakeFiles/cmTC_297b2.dir/src.cxx.o -c /home/thejana/Documents/assignments/year_04/is4101/maxsat_solvers/gecode/gecode-release-6.2.0/build/CMakeFiles/CMakeTmp/src.cxx
Linking CXX executable cmTC_297b2
/usr/bin/cmake -E cmake_link_script CMakeFiles/cmTC_297b2.dir/link.txt --verbose=1
/usr/bin/c++ -rdynamic CMakeFiles/cmTC_297b2.dir/src.cxx.o -o cmTC_297b2 
gmake[1]: Leaving directory '/home/thejana/Documents/assignments/year_04/is4101/maxsat_solvers/gecode/gecode-release-6.2.0/build/CMakeFiles/CMakeTmp'


Source file was:
int main() { return 0; }
Performing C++ SOURCE FILE Test HAVE_VISIBILITY_HIDDEN_FLAG succeeded with the following output:
Change Dir: /home/thejana/Documents/assignments/year_04/is4101/maxsat_solvers/gecode/gecode-release-6.2.0/build/CMakeFiles/CMakeTmp

Run Build Command(s):/usr/bin/gmake -f Makefile cmTC_999fd/fast && /usr/bin/gmake  -f CMakeFiles/cmTC_999fd.dir/build.make CMakeFiles/cmTC_999fd.dir/build
gmake[1]: Entering directory '/home/thejana/Documents/assignments/year_04/is4101/maxsat_solvers/gecode/gecode-release-6.2.0/build/CMakeFiles/CMakeTmp'
Building CXX object CMakeFiles/cmTC_999fd.dir/src.cxx.o
/usr/bin/c++ -DHAVE_VISIBILITY_HIDDEN_FLAG  -std=c++11    -fvisibility=hidden -o CMakeFiles/cmTC_999fd.dir/src.cxx.o -c /home/thejana/Documents/assignments/year_04/is4101/maxsat_solvers/gecode/gecode-release-6.2.0/build/CMakeFiles/CMakeTmp/src.cxx
Linking CXX executable cmTC_999fd
/usr/bin/cmake -E cmake_link_script CMakeFiles/cmTC_999fd.dir/link.txt --verbose=1
/usr/bin/c++  -std=c++11  -rdynamic CMakeFiles/cmTC_999fd.dir/src.cxx.o -o cmTC_999fd 
gmake[1]: Leaving directory '/home/thejana/Documents/assignments/year_04/is4101/maxsat_solvers/gecode/gecode-release-6.2.0/build/CMakeFiles/CMakeTmp'


Source file was:
int main() { return 0; }
Determining if the getpagesize exist passed with the following output:
Change Dir: /home/thejana/Documents/assignments/year_04/is4101/maxsat_solvers/gecode/gecode-release-6.2.0/build/CMakeFiles/CMakeTmp

Run Build Command(s):/usr/bin/gmake -f Makefile cmTC_4aec7/fast && /usr/bin/gmake  -f CMakeFiles/cmTC_4aec7.dir/build.make CMakeFiles/cmTC_4aec7.dir/build
gmake[1]: Entering directory '/home/thejana/Documents/assignments/year_04/is4101/maxsat_solvers/gecode/gecode-release-6.2.0/build/CMakeFiles/CMakeTmp'
Building C object CMakeFiles/cmTC_4aec7.dir/CheckSymbolExists.c.o
/usr/bin/cc    -o CMakeFiles/cmTC_4aec7.dir/CheckSymbolExists.c.o -c /home/thejana/Documents/assignments/year_04/is4101/maxsat_solvers/gecode/gecode-release-6.2.0/build/CMakeFiles/CMakeTmp/CheckSymbolExists.c
Linking C executable cmTC_4aec7
/usr/bin/cmake -E cmake_link_script CMakeFiles/cmTC_4aec7.dir/link.txt --verbose=1
/usr/bin/cc -rdynamic CMakeFiles/cmTC_4aec7.dir/CheckSymbolExists.c.o -o cmTC_4aec7 
gmake[1]: Leaving directory '/home/thejana/Documents/assignments/year_04/is4101/maxsat_solvers/gecode/gecode-release-6.2.0/build/CMakeFiles/CMakeTmp'


File /home/thejana/Documents/assignments/year_04/is4101/maxsat_solvers/gecode/gecode-release-6.2.0/build/CMakeFiles/CMakeTmp/CheckSymbolExists.c:
/* */
#include <unistd.h>

int main(int argc, char** argv)
{
  (void)argv;
#ifndef getpagesize
  return ((int*)(&getpagesize))[argc];
#else
  (void)argc;
  return 0;
#endif
}
Determining if the mmap exist passed with the following output:
Change Dir: /home/thejana/Documents/assignments/year_04/is4101/maxsat_solvers/gecode/gecode-release-6.2.0/build/CMakeFiles/CMakeTmp

Run Build Command(s):/usr/bin/gmake -f Makefile cmTC_52f46/fast && /usr/bin/gmake  -f CMakeFiles/cmTC_52f46.dir/build.make CMakeFiles/cmTC_52f46.dir/build
gmake[1]: Entering directory '/home/thejana/Documents/assignments/year_04/is4101/maxsat_solvers/gecode/gecode-release-6.2.0/build/CMakeFiles/CMakeTmp'
Building C object CMakeFiles/cmTC_52f46.dir/CheckSymbolExists.c.o
/usr/bin/cc    -o CMakeFiles/cmTC_52f46.dir/CheckSymbolExists.c.o -c /home/thejana/Documents/assignments/year_04/is4101/maxsat_solvers/gecode/gecode-release-6.2.0/build/CMakeFiles/CMakeTmp/CheckSymbolExists.c
Linking C executable cmTC_52f46
/usr/bin/cmake -E cmake_link_script CMakeFiles/cmTC_52f46.dir/link.txt --verbose=1
/usr/bin/cc -rdynamic CMakeFiles/cmTC_52f46.dir/CheckSymbolExists.c.o -o cmTC_52f46 
gmake[1]: Leaving directory '/home/thejana/Documents/assignments/year_04/is4101/maxsat_solvers/gecode/gecode-release-6.2.0/build/CMakeFiles/CMakeTmp'


File /home/thejana/Documents/assignments/year_04/is4101/maxsat_solvers/gecode/gecode-release-6.2.0/build/CMakeFiles/CMakeTmp/CheckSymbolExists.c:
/* */
#include <sys/mman.h>

int main(int argc, char** argv)
{
  (void)argv;
#ifndef mmap
  return ((int*)(&mmap))[argc];
#else
  (void)argc;
  return 0;
#endif
}
Determining if files inttypes.h exist passed with the following output:
Change Dir: /home/thejana/Documents/assignments/year_04/is4101/maxsat_solvers/gecode/gecode-release-6.2.0/build/CMakeFiles/CMakeTmp

Run Build Command(s):/usr/bin/gmake -f Makefile cmTC_683c9/fast && /usr/bin/gmake  -f CMakeFiles/cmTC_683c9.dir/build.make CMakeFiles/cmTC_683c9.dir/build
gmake[1]: Entering directory '/home/thejana/Documents/assignments/year_04/is4101/maxsat_solvers/gecode/gecode-release-6.2.0/build/CMakeFiles/CMakeTmp'
Building C object CMakeFiles/cmTC_683c9.dir/HAVE_INTTYPES_H.c.o
/usr/bin/cc    -o CMakeFiles/cmTC_683c9.dir/HAVE_INTTYPES_H.c.o -c /home/thejana/Documents/assignments/year_04/is4101/maxsat_solvers/gecode/gecode-release-6.2.0/build/CMakeFiles/CheckIncludeFiles/HAVE_INTTYPES_H.c
Linking C executable cmTC_683c9
/usr/bin/cmake -E cmake_link_script CMakeFiles/cmTC_683c9.dir/link.txt --verbose=1
/usr/bin/cc -rdynamic CMakeFiles/cmTC_683c9.dir/HAVE_INTTYPES_H.c.o -o cmTC_683c9 
gmake[1]: Leaving directory '/home/thejana/Documents/assignments/year_04/is4101/maxsat_solvers/gecode/gecode-release-6.2.0/build/CMakeFiles/CMakeTmp'



Determining if files memory.h exist passed with the following output:
Change Dir: /home/thejana/Documents/assignments/year_04/is4101/maxsat_solvers/gecode/gecode-release-6.2.0/build/CMakeFiles/CMakeTmp

Run Build Command(s):/usr/bin/gmake -f Makefile cmTC_49ca7/fast && /usr/bin/gmake  -f CMakeFiles/cmTC_49ca7.dir/build.make CMakeFiles/cmTC_49ca7.dir/build
gmake[1]: Entering directory '/home/thejana/Documents/assignments/year_04/is4101/maxsat_solvers/gecode/gecode-release-6.2.0/build/CMakeFiles/CMakeTmp'
Building C object CMakeFiles/cmTC_49ca7.dir/HAVE_MEMORY_H.c.o
/usr/bin/cc    -o CMakeFiles/cmTC_49ca7.dir/HAVE_MEMORY_H.c.o -c /home/thejana/Documents/assignments/year_04/is4101/maxsat_solvers/gecode/gecode-release-6.2.0/build/CMakeFiles/CheckIncludeFiles/HAVE_MEMORY_H.c
Linking C executable cmTC_49ca7
/usr/bin/cmake -E cmake_link_script CMakeFiles/cmTC_49ca7.dir/link.txt --verbose=1
/usr/bin/cc -rdynamic CMakeFiles/cmTC_49ca7.dir/HAVE_MEMORY_H.c.o -o cmTC_49ca7 
gmake[1]: Leaving directory '/home/thejana/Documents/assignments/year_04/is4101/maxsat_solvers/gecode/gecode-release-6.2.0/build/CMakeFiles/CMakeTmp'



Determining if files stdint.h exist passed with the following output:
Change Dir: /home/thejana/Documents/assignments/year_04/is4101/maxsat_solvers/gecode/gecode-release-6.2.0/build/CMakeFiles/CMakeTmp

Run Build Command(s):/usr/bin/gmake -f Makefile cmTC_c2d41/fast && /usr/bin/gmake  -f CMakeFiles/cmTC_c2d41.dir/build.make CMakeFiles/cmTC_c2d41.dir/build
gmake[1]: Entering directory '/home/thejana/Documents/assignments/year_04/is4101/maxsat_solvers/gecode/gecode-release-6.2.0/build/CMakeFiles/CMakeTmp'
Building C object CMakeFiles/cmTC_c2d41.dir/HAVE_STDINT_H.c.o
/usr/bin/cc    -o CMakeFiles/cmTC_c2d41.dir/HAVE_STDINT_H.c.o -c /home/thejana/Documents/assignments/year_04/is4101/maxsat_solvers/gecode/gecode-release-6.2.0/build/CMakeFiles/CheckIncludeFiles/HAVE_STDINT_H.c
Linking C executable cmTC_c2d41
/usr/bin/cmake -E cmake_link_script CMakeFiles/cmTC_c2d41.dir/link.txt --verbose=1
/usr/bin/cc -rdynamic CMakeFiles/cmTC_c2d41.dir/HAVE_STDINT_H.c.o -o cmTC_c2d41 
gmake[1]: Leaving directory '/home/thejana/Documents/assignments/year_04/is4101/maxsat_solvers/gecode/gecode-release-6.2.0/build/CMakeFiles/CMakeTmp'



Determining if files stdlib.h exist passed with the following output:
Change Dir: /home/thejana/Documents/assignments/year_04/is4101/maxsat_solvers/gecode/gecode-release-6.2.0/build/CMakeFiles/CMakeTmp

Run Build Command(s):/usr/bin/gmake -f Makefile cmTC_fed0a/fast && /usr/bin/gmake  -f CMakeFiles/cmTC_fed0a.dir/build.make CMakeFiles/cmTC_fed0a.dir/build
gmake[1]: Entering directory '/home/thejana/Documents/assignments/year_04/is4101/maxsat_solvers/gecode/gecode-release-6.2.0/build/CMakeFiles/CMakeTmp'
Building C object CMakeFiles/cmTC_fed0a.dir/HAVE_STDLIB_H.c.o
/usr/bin/cc    -o CMakeFiles/cmTC_fed0a.dir/HAVE_STDLIB_H.c.o -c /home/thejana/Documents/assignments/year_04/is4101/maxsat_solvers/gecode/gecode-release-6.2.0/build/CMakeFiles/CheckIncludeFiles/HAVE_STDLIB_H.c
Linking C executable cmTC_fed0a
/usr/bin/cmake -E cmake_link_script CMakeFiles/cmTC_fed0a.dir/link.txt --verbose=1
/usr/bin/cc -rdynamic CMakeFiles/cmTC_fed0a.dir/HAVE_STDLIB_H.c.o -o cmTC_fed0a 
gmake[1]: Leaving directory '/home/thejana/Documents/assignments/year_04/is4101/maxsat_solvers/gecode/gecode-release-6.2.0/build/CMakeFiles/CMakeTmp'



Determining if files strings.h exist passed with the following output:
Change Dir: /home/thejana/Documents/assignments/year_04/is4101/maxsat_solvers/gecode/gecode-release-6.2.0/build/CMakeFiles/CMakeTmp

Run Build Command(s):/usr/bin/gmake -f Makefile cmTC_5a3d2/fast && /usr/bin/gmake  -f CMakeFiles/cmTC_5a3d2.dir/build.make CMakeFiles/cmTC_5a3d2.dir/build
gmake[1]: Entering directory '/home/thejana/Documents/assignments/year_04/is4101/maxsat_solvers/gecode/gecode-release-6.2.0/build/CMakeFiles/CMakeTmp'
Building C object CMakeFiles/cmTC_5a3d2.dir/HAVE_STRINGS_H.c.o
/usr/bin/cc    -o CMakeFiles/cmTC_5a3d2.dir/HAVE_STRINGS_H.c.o -c /home/thejana/Documents/assignments/year_04/is4101/maxsat_solvers/gecode/gecode-release-6.2.0/build/CMakeFiles/CheckIncludeFiles/HAVE_STRINGS_H.c
Linking C executable cmTC_5a3d2
/usr/bin/cmake -E cmake_link_script CMakeFiles/cmTC_5a3d2.dir/link.txt --verbose=1
/usr/bin/cc -rdynamic CMakeFiles/cmTC_5a3d2.dir/HAVE_STRINGS_H.c.o -o cmTC_5a3d2 
gmake[1]: Leaving directory '/home/thejana/Documents/assignments/year_04/is4101/maxsat_solvers/gecode/gecode-release-6.2.0/build/CMakeFiles/CMakeTmp'



Determining if files string.h exist passed with the following output:
Change Dir: /home/thejana/Documents/assignments/year_04/is4101/maxsat_solvers/gecode/gecode-release-6.2.0/build/CMakeFiles/CMakeTmp

Run Build Command(s):/usr/bin/gmake -f Makefile cmTC_8765e/fast && /usr/bin/gmake  -f CMakeFiles/cmTC_8765e.dir/build.make CMakeFiles/cmTC_8765e.dir/build
gmake[1]: Entering directory '/home/thejana/Documents/assignments/year_04/is4101/maxsat_solvers/gecode/gecode-release-6.2.0/build/CMakeFiles/CMakeTmp'
Building C object CMakeFiles/cmTC_8765e.dir/HAVE_STRING_H.c.o
/usr/bin/cc    -o CMakeFiles/cmTC_8765e.dir/HAVE_STRING_H.c.o -c /home/thejana/Documents/assignments/year_04/is4101/maxsat_solvers/gecode/gecode-release-6.2.0/build/CMakeFiles/CheckIncludeFiles/HAVE_STRING_H.c
Linking C executable cmTC_8765e
/usr/bin/cmake -E cmake_link_script CMakeFiles/cmTC_8765e.dir/link.txt --verbose=1
/usr/bin/cc -rdynamic CMakeFiles/cmTC_8765e.dir/HAVE_STRING_H.c.o -o cmTC_8765e 
gmake[1]: Leaving directory '/home/thejana/Documents/assignments/year_04/is4101/maxsat_solvers/gecode/gecode-release-6.2.0/build/CMakeFiles/CMakeTmp'



Determining if files sys/param.h exist passed with the following output:
Change Dir: /home/thejana/Documents/assignments/year_04/is4101/maxsat_solvers/gecode/gecode-release-6.2.0/build/CMakeFiles/CMakeTmp

Run Build Command(s):/usr/bin/gmake -f Makefile cmTC_0b3a8/fast && /usr/bin/gmake  -f CMakeFiles/cmTC_0b3a8.dir/build.make CMakeFiles/cmTC_0b3a8.dir/build
gmake[1]: Entering directory '/home/thejana/Documents/assignments/year_04/is4101/maxsat_solvers/gecode/gecode-release-6.2.0/build/CMakeFiles/CMakeTmp'
Building C object CMakeFiles/cmTC_0b3a8.dir/HAVE_SYS_PARAM_H.c.o
/usr/bin/cc    -o CMakeFiles/cmTC_0b3a8.dir/HAVE_SYS_PARAM_H.c.o -c /home/thejana/Documents/assignments/year_04/is4101/maxsat_solvers/gecode/gecode-release-6.2.0/build/CMakeFiles/CheckIncludeFiles/HAVE_SYS_PARAM_H.c
Linking C executable cmTC_0b3a8
/usr/bin/cmake -E cmake_link_script CMakeFiles/cmTC_0b3a8.dir/link.txt --verbose=1
/usr/bin/cc -rdynamic CMakeFiles/cmTC_0b3a8.dir/HAVE_SYS_PARAM_H.c.o -o cmTC_0b3a8 
gmake[1]: Leaving directory '/home/thejana/Documents/assignments/year_04/is4101/maxsat_solvers/gecode/gecode-release-6.2.0/build/CMakeFiles/CMakeTmp'



Determining if files sys/stat.h exist passed with the following output:
Change Dir: /home/thejana/Documents/assignments/year_04/is4101/maxsat_solvers/gecode/gecode-release-6.2.0/build/CMakeFiles/CMakeTmp

Run Build Command(s):/usr/bin/gmake -f Makefile cmTC_06aa1/fast && /usr/bin/gmake  -f CMakeFiles/cmTC_06aa1.dir/build.make CMakeFiles/cmTC_06aa1.dir/build
gmake[1]: Entering directory '/home/thejana/Documents/assignments/year_04/is4101/maxsat_solvers/gecode/gecode-release-6.2.0/build/CMakeFiles/CMakeTmp'
Building C object CMakeFiles/cmTC_06aa1.dir/HAVE_SYS_STAT_H.c.o
/usr/bin/cc    -o CMakeFiles/cmTC_06aa1.dir/HAVE_SYS_STAT_H.c.o -c /home/thejana/Documents/assignments/year_04/is4101/maxsat_solvers/gecode/gecode-release-6.2.0/build/CMakeFiles/CheckIncludeFiles/HAVE_SYS_STAT_H.c
Linking C executable cmTC_06aa1
/usr/bin/cmake -E cmake_link_script CMakeFiles/cmTC_06aa1.dir/link.txt --verbose=1
/usr/bin/cc -rdynamic CMakeFiles/cmTC_06aa1.dir/HAVE_SYS_STAT_H.c.o -o cmTC_06aa1 
gmake[1]: Leaving directory '/home/thejana/Documents/assignments/year_04/is4101/maxsat_solvers/gecode/gecode-release-6.2.0/build/CMakeFiles/CMakeTmp'



Determining if files sys/time.h exist passed with the following output:
Change Dir: /home/thejana/Documents/assignments/year_04/is4101/maxsat_solvers/gecode/gecode-release-6.2.0/build/CMakeFiles/CMakeTmp

Run Build Command(s):/usr/bin/gmake -f Makefile cmTC_4fb01/fast && /usr/bin/gmake  -f CMakeFiles/cmTC_4fb01.dir/build.make CMakeFiles/cmTC_4fb01.dir/build
gmake[1]: Entering directory '/home/thejana/Documents/assignments/year_04/is4101/maxsat_solvers/gecode/gecode-release-6.2.0/build/CMakeFiles/CMakeTmp'
Building C object CMakeFiles/cmTC_4fb01.dir/HAVE_SYS_TIME_H.c.o
/usr/bin/cc    -o CMakeFiles/cmTC_4fb01.dir/HAVE_SYS_TIME_H.c.o -c /home/thejana/Documents/assignments/year_04/is4101/maxsat_solvers/gecode/gecode-release-6.2.0/build/CMakeFiles/CheckIncludeFiles/HAVE_SYS_TIME_H.c
Linking C executable cmTC_4fb01
/usr/bin/cmake -E cmake_link_script CMakeFiles/cmTC_4fb01.dir/link.txt --verbose=1
/usr/bin/cc -rdynamic CMakeFiles/cmTC_4fb01.dir/HAVE_SYS_TIME_H.c.o -o cmTC_4fb01 
gmake[1]: Leaving directory '/home/thejana/Documents/assignments/year_04/is4101/maxsat_solvers/gecode/gecode-release-6.2.0/build/CMakeFiles/CMakeTmp'



Determining if files sys/types.h exist passed with the following output:
Change Dir: /home/thejana/Documents/assignments/year_04/is4101/maxsat_solvers/gecode/gecode-release-6.2.0/build/CMakeFiles/CMakeTmp

Run Build Command(s):/usr/bin/gmake -f Makefile cmTC_9f742/fast && /usr/bin/gmake  -f CMakeFiles/cmTC_9f742.dir/build.make CMakeFiles/cmTC_9f742.dir/build
gmake[1]: Entering directory '/home/thejana/Documents/assignments/year_04/is4101/maxsat_solvers/gecode/gecode-release-6.2.0/build/CMakeFiles/CMakeTmp'
Building C object CMakeFiles/cmTC_9f742.dir/HAVE_SYS_TYPES_H.c.o
/usr/bin/cc    -o CMakeFiles/cmTC_9f742.dir/HAVE_SYS_TYPES_H.c.o -c /home/thejana/Documents/assignments/year_04/is4101/maxsat_solvers/gecode/gecode-release-6.2.0/build/CMakeFiles/CheckIncludeFiles/HAVE_SYS_TYPES_H.c
Linking C executable cmTC_9f742
/usr/bin/cmake -E cmake_link_script CMakeFiles/cmTC_9f742.dir/link.txt --verbose=1
/usr/bin/cc -rdynamic CMakeFiles/cmTC_9f742.dir/HAVE_SYS_TYPES_H.c.o -o cmTC_9f742 
gmake[1]: Leaving directory '/home/thejana/Documents/assignments/year_04/is4101/maxsat_solvers/gecode/gecode-release-6.2.0/build/CMakeFiles/CMakeTmp'



Determining if files unistd.h exist passed with the following output:
Change Dir: /home/thejana/Documents/assignments/year_04/is4101/maxsat_solvers/gecode/gecode-release-6.2.0/build/CMakeFiles/CMakeTmp

Run Build Command(s):/usr/bin/gmake -f Makefile cmTC_6e3c0/fast && /usr/bin/gmake  -f CMakeFiles/cmTC_6e3c0.dir/build.make CMakeFiles/cmTC_6e3c0.dir/build
gmake[1]: Entering directory '/home/thejana/Documents/assignments/year_04/is4101/maxsat_solvers/gecode/gecode-release-6.2.0/build/CMakeFiles/CMakeTmp'
Building C object CMakeFiles/cmTC_6e3c0.dir/HAVE_UNISTD_H.c.o
/usr/bin/cc    -o CMakeFiles/cmTC_6e3c0.dir/HAVE_UNISTD_H.c.o -c /home/thejana/Documents/assignments/year_04/is4101/maxsat_solvers/gecode/gecode-release-6.2.0/build/CMakeFiles/CheckIncludeFiles/HAVE_UNISTD_H.c
Linking C executable cmTC_6e3c0
/usr/bin/cmake -E cmake_link_script CMakeFiles/cmTC_6e3c0.dir/link.txt --verbose=1
/usr/bin/cc -rdynamic CMakeFiles/cmTC_6e3c0.dir/HAVE_UNISTD_H.c.o -o cmTC_6e3c0 
gmake[1]: Leaving directory '/home/thejana/Documents/assignments/year_04/is4101/maxsat_solvers/gecode/gecode-release-6.2.0/build/CMakeFiles/CMakeTmp'



Determining if files stdio.h exist passed with the following output:
Change Dir: /home/thejana/Documents/assignments/year_04/is4101/maxsat_solvers/gecode/gecode-release-6.2.0/build/CMakeFiles/CMakeTmp

Run Build Command(s):/usr/bin/gmake -f Makefile cmTC_bbd20/fast && /usr/bin/gmake  -f CMakeFiles/cmTC_bbd20.dir/build.make CMakeFiles/cmTC_bbd20.dir/build
gmake[1]: Entering directory '/home/thejana/Documents/assignments/year_04/is4101/maxsat_solvers/gecode/gecode-release-6.2.0/build/CMakeFiles/CMakeTmp'
Building C object CMakeFiles/cmTC_bbd20.dir/STDC_HEADERS.c.o
/usr/bin/cc    -o CMakeFiles/cmTC_bbd20.dir/STDC_HEADERS.c.o -c /home/thejana/Documents/assignments/year_04/is4101/maxsat_solvers/gecode/gecode-release-6.2.0/build/CMakeFiles/CheckIncludeFiles/STDC_HEADERS.c
Linking C executable cmTC_bbd20
/usr/bin/cmake -E cmake_link_script CMakeFiles/cmTC_bbd20.dir/link.txt --verbose=1
/usr/bin/cc -rdynamic CMakeFiles/cmTC_bbd20.dir/STDC_HEADERS.c.o -o cmTC_bbd20 
gmake[1]: Leaving directory '/home/thejana/Documents/assignments/year_04/is4101/maxsat_solvers/gecode/gecode-release-6.2.0/build/CMakeFiles/CMakeTmp'



Performing C++ SOURCE FILE Test HAVE_EXT_HASH_MAP succeeded with the following output:
Change Dir: /home/thejana/Documents/assignments/year_04/is4101/maxsat_solvers/gecode/gecode-release-6.2.0/build/CMakeFiles/CMakeTmp

Run Build Command(s):/usr/bin/gmake -f Makefile cmTC_8e09a/fast && /usr/bin/gmake  -f CMakeFiles/cmTC_8e09a.dir/build.make CMakeFiles/cmTC_8e09a.dir/build
gmake[1]: Entering directory '/home/thejana/Documents/assignments/year_04/is4101/maxsat_solvers/gecode/gecode-release-6.2.0/build/CMakeFiles/CMakeTmp'
Building CXX object CMakeFiles/cmTC_8e09a.dir/src.cxx.o
/usr/bin/c++ -DHAVE_EXT_HASH_MAP  -std=c++11  -o CMakeFiles/cmTC_8e09a.dir/src.cxx.o -c /home/thejana/Documents/assignments/year_04/is4101/maxsat_solvers/gecode/gecode-release-6.2.0/build/CMakeFiles/CMakeTmp/src.cxx
In file included from /usr/include/c++/11/ext/hash_map:60,
                 from /home/thejana/Documents/assignments/year_04/is4101/maxsat_solvers/gecode/gecode-release-6.2.0/build/CMakeFiles/CMakeTmp/src.cxx:2:
/usr/include/c++/11/backward/backward_warning.h:32:2: warning: #warning This file includes at least one deprecated or antiquated header which may be removed without further notice at a future date. Please use a non-deprecated interface with equivalent functionality instead. For a listing of replacement headers and interfaces, consult the file backward_warning.h. To disable this warning use -Wno-deprecated. [-Wcpp]
   32 | #warning \
      |  ^~~~~~~
Linking CXX executable cmTC_8e09a
/usr/bin/cmake -E cmake_link_script CMakeFiles/cmTC_8e09a.dir/link.txt --verbose=1
/usr/bin/c++  -std=c++11  -rdynamic CMakeFiles/cmTC_8e09a.dir/src.cxx.o -o cmTC_8e09a 
gmake[1]: Leaving directory '/home/thejana/Documents/assignments/year_04/is4101/maxsat_solvers/gecode/gecode-release-6.2.0/build/CMakeFiles/CMakeTmp'


Source file was:

   #include <ext/hash_map>
   int main() {}
Determining if the include file stddef.h exists passed with the following output:
Change Dir: /home/thejana/Documents/assignments/year_04/is4101/maxsat_solvers/gecode/gecode-release-6.2.0/build/CMakeFiles/CMakeTmp

Run Build Command(s):/usr/bin/gmake -f Makefile cmTC_834df/fast && /usr/bin/gmake  -f CMakeFiles/cmTC_834df.dir/build.make CMakeFiles/cmTC_834df.dir/build
gmake[1]: Entering directory '/home/thejana/Documents/assignments/year_04/is4101/maxsat_solvers/gecode/gecode-release-6.2.0/build/CMakeFiles/CMakeTmp'
Building C object CMakeFiles/cmTC_834df.dir/CheckIncludeFile.c.o
/usr/bin/cc    -o CMakeFiles/cmTC_834df.dir/CheckIncludeFile.c.o -c /home/thejana/Documents/assignments/year_04/is4101/maxsat_solvers/gecode/gecode-release-6.2.0/build/CMakeFiles/CMakeTmp/CheckIncludeFile.c
Linking C executable cmTC_834df
/usr/bin/cmake -E cmake_link_script CMakeFiles/cmTC_834df.dir/link.txt --verbose=1
/usr/bin/cc -rdynamic CMakeFiles/cmTC_834df.dir/CheckIncludeFile.c.o -o cmTC_834df 
gmake[1]: Leaving directory '/home/thejana/Documents/assignments/year_04/is4101/maxsat_solvers/gecode/gecode-release-6.2.0/build/CMakeFiles/CMakeTmp'



Determining size of int passed with the following output:
Change Dir: /home/thejana/Documents/assignments/year_04/is4101/maxsat_solvers/gecode/gecode-release-6.2.0/build/CMakeFiles/CMakeTmp

Run Build Command(s):/usr/bin/gmake -f Makefile cmTC_90fc6/fast && /usr/bin/gmake  -f CMakeFiles/cmTC_90fc6.dir/build.make CMakeFiles/cmTC_90fc6.dir/build
gmake[1]: Entering directory '/home/thejana/Documents/assignments/year_04/is4101/maxsat_solvers/gecode/gecode-release-6.2.0/build/CMakeFiles/CMakeTmp'
Building C object CMakeFiles/cmTC_90fc6.dir/SIZEOF_INT.c.o
/usr/bin/cc    -o CMakeFiles/cmTC_90fc6.dir/SIZEOF_INT.c.o -c /home/thejana/Documents/assignments/year_04/is4101/maxsat_solvers/gecode/gecode-release-6.2.0/build/CMakeFiles/CheckTypeSize/SIZEOF_INT.c
Linking C executable cmTC_90fc6
/usr/bin/cmake -E cmake_link_script CMakeFiles/cmTC_90fc6.dir/link.txt --verbose=1
/usr/bin/cc -rdynamic CMakeFiles/cmTC_90fc6.dir/SIZEOF_INT.c.o -o cmTC_90fc6 
gmake[1]: Leaving directory '/home/thejana/Documents/assignments/year_04/is4101/maxsat_solvers/gecode/gecode-release-6.2.0/build/CMakeFiles/CMakeTmp'



Performing C SOURCE FILE Test HAVE_ALWAYS_INLINE succeeded with the following output:
Change Dir: /home/thejana/Documents/assignments/year_04/is4101/maxsat_solvers/gecode/gecode-release-6.2.0/build/CMakeFiles/CMakeTmp

Run Build Command(s):/usr/bin/gmake -f Makefile cmTC_c1a21/fast && /usr/bin/gmake  -f CMakeFiles/cmTC_c1a21.dir/build.make CMakeFiles/cmTC_c1a21.dir/build
gmake[1]: Entering directory '/home/thejana/Documents/assignments/year_04/is4101/maxsat_solvers/gecode/gecode-release-6.2.0/build/CMakeFiles/CMakeTmp'
Building C object CMakeFiles/cmTC_c1a21.dir/src.c.o
/usr/bin/cc -DHAVE_ALWAYS_INLINE   -o CMakeFiles/cmTC_c1a21.dir/src.c.o -c /home/thejana/Documents/assignments/year_04/is4101/maxsat_solvers/gecode/gecode-release-6.2.0/build/CMakeFiles/CMakeTmp/src.c
Linking C executable cmTC_c1a21
/usr/bin/cmake -E cmake_link_script CMakeFiles/cmTC_c1a21.dir/link.txt --verbose=1
/usr/bin/cc -rdynamic CMakeFiles/cmTC_c1a21.dir/src.c.o -o cmTC_c1a21 
gmake[1]: Leaving directory '/home/thejana/Documents/assignments/year_04/is4101/maxsat_solvers/gecode/gecode-release-6.2.0/build/CMakeFiles/CMakeTmp'


Source file was:

  inline __attribute__ ((__always_inline__)) void foo(void) {}
  int main() {}
Performing C SOURCE FILE Test HAVE_BUILTIN_FFSL succeeded with the following output:
Change Dir: /home/thejana/Documents/assignments/year_04/is4101/maxsat_solvers/gecode/gecode-release-6.2.0/build/CMakeFiles/CMakeTmp

Run Build Command(s):/usr/bin/gmake -f Makefile cmTC_ec74e/fast && /usr/bin/gmake  -f CMakeFiles/cmTC_ec74e.dir/build.make CMakeFiles/cmTC_ec74e.dir/build
gmake[1]: Entering directory '/home/thejana/Documents/assignments/year_04/is4101/maxsat_solvers/gecode/gecode-release-6.2.0/build/CMakeFiles/CMakeTmp'
Building C object CMakeFiles/cmTC_ec74e.dir/src.c.o
/usr/bin/cc -DHAVE_BUILTIN_FFSL   -o CMakeFiles/cmTC_ec74e.dir/src.c.o -c /home/thejana/Documents/assignments/year_04/is4101/maxsat_solvers/gecode/gecode-release-6.2.0/build/CMakeFiles/CMakeTmp/src.c
Linking C executable cmTC_ec74e
/usr/bin/cmake -E cmake_link_script CMakeFiles/cmTC_ec74e.dir/link.txt --verbose=1
/usr/bin/cc -rdynamic CMakeFiles/cmTC_ec74e.dir/src.c.o -o cmTC_ec74e 
gmake[1]: Leaving directory '/home/thejana/Documents/assignments/year_04/is4101/maxsat_solvers/gecode/gecode-release-6.2.0/build/CMakeFiles/CMakeTmp'


Source file was:

  int main() { return __builtin_ffsl(0); }
Determining if the include file pthread.h exists passed with the following output:
Change Dir: /home/thejana/Documents/assignments/year_04/is4101/maxsat_solvers/gecode/gecode-release-6.2.0/build/CMakeFiles/CMakeTmp

Run Build Command(s):/usr/bin/gmake -f Makefile cmTC_340ad/fast && /usr/bin/gmake  -f CMakeFiles/cmTC_340ad.dir/build.make CMakeFiles/cmTC_340ad.dir/build
gmake[1]: Entering directory '/home/thejana/Documents/assignments/year_04/is4101/maxsat_solvers/gecode/gecode-release-6.2.0/build/CMakeFiles/CMakeTmp'
Building C object CMakeFiles/cmTC_340ad.dir/CheckIncludeFile.c.o
/usr/bin/cc    -o CMakeFiles/cmTC_340ad.dir/CheckIncludeFile.c.o -c /home/thejana/Documents/assignments/year_04/is4101/maxsat_solvers/gecode/gecode-release-6.2.0/build/CMakeFiles/CMakeTmp/CheckIncludeFile.c
Linking C executable cmTC_340ad
/usr/bin/cmake -E cmake_link_script CMakeFiles/cmTC_340ad.dir/link.txt --verbose=1
/usr/bin/cc -rdynamic CMakeFiles/cmTC_340ad.dir/CheckIncludeFile.c.o -o cmTC_340ad 
gmake[1]: Leaving directory '/home/thejana/Documents/assignments/year_04/is4101/maxsat_solvers/gecode/gecode-release-6.2.0/build/CMakeFiles/CMakeTmp'



Performing C SOURCE FILE Test CMAKE_HAVE_LIBC_PTHREAD succeeded with the following output:
Change Dir: /home/thejana/Documents/assignments/year_04/is4101/maxsat_solvers/gecode/gecode-release-6.2.0/build/CMakeFiles/CMakeTmp

Run Build Command(s):/usr/bin/gmake -f Makefile cmTC_3cbb1/fast && /usr/bin/gmake  -f CMakeFiles/cmTC_3cbb1.dir/build.make CMakeFiles/cmTC_3cbb1.dir/build
gmake[1]: Entering directory '/home/thejana/Documents/assignments/year_04/is4101/maxsat_solvers/gecode/gecode-release-6.2.0/build/CMakeFiles/CMakeTmp'
Building C object CMakeFiles/cmTC_3cbb1.dir/src.c.o
/usr/bin/cc -DCMAKE_HAVE_LIBC_PTHREAD   -o CMakeFiles/cmTC_3cbb1.dir/src.c.o -c /home/thejana/Documents/assignments/year_04/is4101/maxsat_solvers/gecode/gecode-release-6.2.0/build/CMakeFiles/CMakeTmp/src.c
Linking C executable cmTC_3cbb1
/usr/bin/cmake -E cmake_link_script CMakeFiles/cmTC_3cbb1.dir/link.txt --verbose=1
/usr/bin/cc -rdynamic CMakeFiles/cmTC_3cbb1.dir/src.c.o -o cmTC_3cbb1 
gmake[1]: Leaving directory '/home/thejana/Documents/assignments/year_04/is4101/maxsat_solvers/gecode/gecode-release-6.2.0/build/CMakeFiles/CMakeTmp'


Source file was:
#include <pthread.h>

static void* test_func(void* data)
{
  return data;
}

int main(void)
{
  pthread_t thread;
  pthread_create(&thread, NULL, test_func, NULL);
  pthread_detach(thread);
  pthread_cancel(thread);
  pthread_join(thread, NULL);
  pthread_atfork(NULL, NULL, NULL);
  pthread_exit(NULL);

  return 0;
}

